   1               		.file	"Dataflash.c"
   2               		.arch atmega169
   3               	__SREG__ = 0x3f
   4               	__SP_H__ = 0x3e
   5               	__SP_L__ = 0x3d
   6               	__tmp_reg__ = 0
   7               	__zero_reg__ = 1
   8               		.global __do_copy_data
   9               		.global __do_clear_bss
  17               	.Ltext0:
  18               	.global	DFSPIRoutinePointer
  19               		.data
  22               	DFSPIRoutinePointer:
  23 0000 0000      		.word	pm(SPI_SPITransmit)
  24               	.global	DataFlashError
  25               		.section	.progmem.data,"a",@progbits
  28               	DataFlashError:
  29 0000 4441 5441 		.string	"DATAFLASH ERROR"
  29      464C 4153 
  29      4820 4552 
  29      524F 5200 
  30               	.global	DF_Pages
  33               	DF_Pages:
  34 0010 0001      		.word	256
  35 0012 0002      		.word	512
  36 0014 0004      		.word	1024
  37 0016 0008      		.word	2048
  38 0018 0010      		.word	4096
  39 001a 0010      		.word	4096
  40 001c 0020      		.word	8192
  41 001e 0020      		.word	8192
  42               	.global	DF_PageSize
  45               	DF_PageSize:
  46 0020 0801      		.word	264
  47 0022 0801      		.word	264
  48 0024 0801      		.word	264
  49 0026 0801      		.word	264
  50 0028 0801      		.word	264
  51 002a 1002      		.word	528
  52 002c 1002      		.word	528
  53 002e 2004      		.word	1056
  54               	.global	DF_PageBits
  57               	DF_PageBits:
  58 0030 09        		.byte	9
  59 0031 09        		.byte	9
  60 0032 09        		.byte	9
  61 0033 09        		.byte	9
  62 0034 09        		.byte	9
  63 0035 0A        		.byte	10
  64 0036 0A        		.byte	10
  65 0037 0B        		.byte	11
  66               		.text
  67               	.global	DF_EnableDataflash
  69               	DF_EnableDataflash:
  70               	.LFB22:
  71               	.LM1:
  72               	/* prologue: frame size=0 */
  73               	/* prologue end (size=0) */
  74 0000 9091 0000 		lds r25,UseExernalDF
  75               	.LM2:
  76 0004 8130      		cpi r24,lo8(1)
  77 0006 31F4      		brne .L2
  78               	.LM3:
  79 0008 9130      		cpi r25,lo8(1)
  80 000a 11F4      		brne .L3
  81               	.LM4:
  82 000c 82E0      		ldi r24,lo8(2)
  83 000e 05C0      		rjmp .L8
  84               	.L3:
  85               	.LM5:
  86 0010 2898      		cbi 37-0x20,0
  87 0012 0895      		ret
  88               	.L2:
  89               	.LM6:
  90 0014 9130      		cpi r25,lo8(1)
  91 0016 21F4      		brne .L6
  92               	.LM7:
  93 0018 892F      		mov r24,r25
  94               	.L8:
  95 001a 0E94 0000 		call MAIN_ResetCSLine
  96 001e 0895      		ret
  97               	.L6:
  98               	.LM8:
  99 0020 289A      		sbi 37-0x20,0
 100 0022 0895      		ret
 101               	/* epilogue: frame size=0 */
 102               	/* epilogue: noreturn */
 103               	/* epilogue end (size=0) */
 104               	/* function DF_EnableDataflash size 18 (18) */
 105               	.LFE22:
 107               	.global	DF_ReadBufferByte
 109               	DF_ReadBufferByte:
 110               	.LFB20:
 111               	.LM9:
 112               	/* prologue: frame size=0 */
 113 0024 0F93      		push r16
 114 0026 1F93      		push r17
 115               	/* prologue end (size=2) */
 116 0028 8C01      		movw r16,r24
 117               	.LM10:
 118 002a 80E0      		ldi r24,lo8(0)
 119 002c 0E94 0000 		call DF_EnableDataflash
 120 0030 81E0      		ldi r24,lo8(1)
 121 0032 0E94 0000 		call DF_EnableDataflash
 122               	.LM11:
 123 0036 E091 0000 		lds r30,DFSPIRoutinePointer
 124 003a F091 0000 		lds r31,(DFSPIRoutinePointer)+1
 125 003e 84E5      		ldi r24,lo8(84)
 126 0040 0995      		icall
 127               	.LM12:
 128 0042 812F      		mov r24,r17
 129 0044 9927      		clr r25
 130 0046 E091 0000 		lds r30,DFSPIRoutinePointer
 131 004a F091 0000 		lds r31,(DFSPIRoutinePointer)+1
 132 004e 0995      		icall
 133               	.LM13:
 134 0050 E091 0000 		lds r30,DFSPIRoutinePointer
 135 0054 F091 0000 		lds r31,(DFSPIRoutinePointer)+1
 136 0058 802F      		mov r24,r16
 137 005a 0995      		icall
 138               	.LM14:
 139 005c E091 0000 		lds r30,DFSPIRoutinePointer
 140 0060 F091 0000 		lds r31,(DFSPIRoutinePointer)+1
 141 0064 80E0      		ldi r24,lo8(0)
 142 0066 0995      		icall
 143               	.LM15:
 144 0068 E091 0000 		lds r30,DFSPIRoutinePointer
 145 006c F091 0000 		lds r31,(DFSPIRoutinePointer)+1
 146 0070 80E0      		ldi r24,lo8(0)
 147 0072 0995      		icall
 148               	.LM16:
 149 0074 9927      		clr r25
 150               	/* epilogue: frame size=0 */
 151 0076 1F91      		pop r17
 152 0078 0F91      		pop r16
 153 007a 0895      		ret
 154               	/* epilogue end (size=3) */
 155               	/* function DF_ReadBufferByte size 44 (39) */
 156               	.LFE20:
 158               	.global	DF_ContinuousReadEnable
 160               	DF_ContinuousReadEnable:
 161               	.LFB19:
 162               	.LM17:
 163               	/* prologue: frame size=0 */
 164 007c EF92      		push r14
 165 007e FF92      		push r15
 166 0080 0F93      		push r16
 167 0082 1F93      		push r17
 168               	/* prologue end (size=4) */
 169 0084 8C01      		movw r16,r24
 170 0086 7B01      		movw r14,r22
 171               	.LM18:
 172 0088 80E0      		ldi r24,lo8(0)
 173 008a 0E94 0000 		call DF_EnableDataflash
 174 008e 81E0      		ldi r24,lo8(1)
 175 0090 0E94 0000 		call DF_EnableDataflash
 176               	.LM19:
 177 0094 E091 0000 		lds r30,DFSPIRoutinePointer
 178 0098 F091 0000 		lds r31,(DFSPIRoutinePointer)+1
 179 009c 88E6      		ldi r24,lo8(104)
 180 009e 0995      		icall
 181               	.LM20:
 182 00a0 8AB5      		in r24,74-0x20
 183 00a2 9801      		movw r18,r16
 184 00a4 02C0      		rjmp 2f
 185 00a6 3695      	1:	lsr r19
 186 00a8 2795      		ror r18
 187 00aa 8A95      	2:	dec r24
 188 00ac E2F7      		brpl 1b
 189 00ae C901      		movw r24,r18
 190 00b0 E091 0000 		lds r30,DFSPIRoutinePointer
 191 00b4 F091 0000 		lds r31,(DFSPIRoutinePointer)+1
 192 00b8 0995      		icall
 193               	.LM21:
 194 00ba 8BB5      		in r24,75-0x20
 195 00bc 9801      		movw r18,r16
 196 00be 02C0      		rjmp 2f
 197 00c0 220F      	1:	lsl r18
 198 00c2 331F      		rol r19
 199 00c4 8A95      	2:	dec r24
 200 00c6 E2F7      		brpl 1b
 201 00c8 8F2D      		mov r24,r15
 202 00ca 9927      		clr r25
 203 00cc E091 0000 		lds r30,DFSPIRoutinePointer
 204 00d0 F091 0000 		lds r31,(DFSPIRoutinePointer)+1
 205 00d4 820F      		add r24,r18
 206 00d6 0995      		icall
 207               	.LM22:
 208 00d8 E091 0000 		lds r30,DFSPIRoutinePointer
 209 00dc F091 0000 		lds r31,(DFSPIRoutinePointer)+1
 210 00e0 8E2D      		mov r24,r14
 211 00e2 0995      		icall
 212 00e4 03E0      		ldi r16,lo8(3)
 213               	.L16:
 214               	.LBB2:
 215               	.LM23:
 216 00e6 E091 0000 		lds r30,DFSPIRoutinePointer
 217 00ea F091 0000 		lds r31,(DFSPIRoutinePointer)+1
 218 00ee 80E0      		ldi r24,lo8(0)
 219 00f0 0995      		icall
 220               	.LM24:
 221 00f2 0150      		subi r16,lo8(-(-1))
 222 00f4 07FF      		sbrs r16,7
 223 00f6 F7CF      		rjmp .L16
 224               	.LBE2:
 225               	/* epilogue: frame size=0 */
 226 00f8 1F91      		pop r17
 227 00fa 0F91      		pop r16
 228 00fc FF90      		pop r15
 229 00fe EF90      		pop r14
 230 0100 0895      		ret
 231               	/* epilogue end (size=5) */
 232               	/* function DF_ContinuousReadEnable size 69 (60) */
 233               	.LFE19:
 235               	.global	DF_BufferWriteEnable
 237               	DF_BufferWriteEnable:
 238               	.LFB18:
 239               	.LM25:
 240               	/* prologue: frame size=0 */
 241 0102 0F93      		push r16
 242 0104 1F93      		push r17
 243               	/* prologue end (size=2) */
 244 0106 8C01      		movw r16,r24
 245               	.LM26:
 246 0108 80E0      		ldi r24,lo8(0)
 247 010a 0E94 0000 		call DF_EnableDataflash
 248 010e 81E0      		ldi r24,lo8(1)
 249 0110 0E94 0000 		call DF_EnableDataflash
 250               	.LM27:
 251 0114 E091 0000 		lds r30,DFSPIRoutinePointer
 252 0118 F091 0000 		lds r31,(DFSPIRoutinePointer)+1
 253 011c 84E8      		ldi r24,lo8(-124)
 254 011e 0995      		icall
 255               	.LM28:
 256 0120 E091 0000 		lds r30,DFSPIRoutinePointer
 257 0124 F091 0000 		lds r31,(DFSPIRoutinePointer)+1
 258 0128 80E0      		ldi r24,lo8(0)
 259 012a 0995      		icall
 260               	.LM29:
 261 012c 812F      		mov r24,r17
 262 012e 9927      		clr r25
 263 0130 E091 0000 		lds r30,DFSPIRoutinePointer
 264 0134 F091 0000 		lds r31,(DFSPIRoutinePointer)+1
 265 0138 0995      		icall
 266               	.LM30:
 267 013a E091 0000 		lds r30,DFSPIRoutinePointer
 268 013e F091 0000 		lds r31,(DFSPIRoutinePointer)+1
 269 0142 802F      		mov r24,r16
 270 0144 0995      		icall
 271               	/* epilogue: frame size=0 */
 272 0146 1F91      		pop r17
 273 0148 0F91      		pop r16
 274 014a 0895      		ret
 275               	/* epilogue end (size=3) */
 276               	/* function DF_BufferWriteEnable size 37 (32) */
 277               	.LFE18:
 279               	.global	DF_GetChipCharacteristics
 281               	DF_GetChipCharacteristics:
 282               	.LFB15:
 283               	.LM31:
 284               	/* prologue: frame size=0 */
 285               	/* prologue end (size=0) */
 286               	.LM32:
 287 014c 80E0      		ldi r24,lo8(0)
 288 014e 0E94 0000 		call DF_EnableDataflash
 289 0152 81E0      		ldi r24,lo8(1)
 290 0154 0E94 0000 		call DF_EnableDataflash
 291               	.LM33:
 292 0158 E091 0000 		lds r30,DFSPIRoutinePointer
 293 015c F091 0000 		lds r31,(DFSPIRoutinePointer)+1
 294 0160 87E5      		ldi r24,lo8(87)
 295 0162 0995      		icall
 296               	.LM34:
 297 0164 E091 0000 		lds r30,DFSPIRoutinePointer
 298 0168 F091 0000 		lds r31,(DFSPIRoutinePointer)+1
 299 016c 80E0      		ldi r24,lo8(0)
 300 016e 0995      		icall
 301               	.LM35:
 302 0170 682F      		mov r22,r24
 303 0172 7727      		clr r23
 304 0174 CB01      		movw r24,r22
 305 0176 8873      		andi r24,lo8(56)
 306 0178 9070      		andi r25,hi8(56)
 307 017a 33E0      		ldi r19,3
 308 017c 9595      	1:	asr r25
 309 017e 8795      		ror r24
 310 0180 3A95      		dec r19
 311 0182 E1F7      		brne 1b
 312               	.LBB3:
 313               	.LM36:
 314 0184 9927      		clr r25
 315 0186 FC01      		movw r30,r24
 316 0188 E050      		subi r30,lo8(-(DF_PageBits))
 317 018a F040      		sbci r31,hi8(-(DF_PageBits))
 318               	/* #APP */
 319 018c 4491      		lpm r20, Z
 320               		
 321               	/* #NOAPP */
 322               	.LBE3:
 323 018e 4093 0000 		sts DataflashInfo,r20
 324               	.LBB4:
 325               	.LM37:
 326 0192 9C01      		movw r18,r24
 327 0194 280F      		add r18,r24
 328 0196 391F      		adc r19,r25
 329 0198 F901      		movw r30,r18
 330 019a E050      		subi r30,lo8(-(DF_PageSize))
 331 019c F040      		sbci r31,hi8(-(DF_PageSize))
 332               	/* #APP */
 333 019e 8591      		lpm r24, Z+
 334 01a0 9491      		lpm r25, Z
 335               		
 336               	/* #NOAPP */
 337               	.LBE4:
 338 01a2 9093 0000 		sts (DataflashInfo+1)+1,r25
 339 01a6 8093 0000 		sts DataflashInfo+1,r24
 340               	.LBB5:
 341               	.LM38:
 342 01aa F901      		movw r30,r18
 343 01ac E050      		subi r30,lo8(-(DF_Pages))
 344 01ae F040      		sbci r31,hi8(-(DF_Pages))
 345               	/* #APP */
 346 01b0 8591      		lpm r24, Z+
 347 01b2 9491      		lpm r25, Z
 348               		
 349               	/* #NOAPP */
 350               	.LBE5:
 351 01b4 9093 0000 		sts (DataflashInfo+3)+1,r25
 352 01b8 8093 0000 		sts DataflashInfo+3,r24
 353               	.LM39:
 354 01bc 80E1      		ldi r24,lo8(16)
 355 01be 841B      		sub r24,r20
 356 01c0 8ABD      		out 74-0x20,r24
 357               	.LM40:
 358 01c2 4850      		subi r20,lo8(-(-8))
 359 01c4 4BBD      		out 75-0x20,r20
 360               	.LM41:
 361 01c6 CB01      		movw r24,r22
 362               	/* epilogue: frame size=0 */
 363 01c8 0895      		ret
 364               	/* epilogue end (size=1) */
 365               	/* function DF_GetChipCharacteristics size 74 (73) */
 366               	.LFE15:
 368               	.global	DF_EraseBlock
 370               	DF_EraseBlock:
 371               	.LFB21:
 372               	.LM42:
 373               	/* prologue: frame size=0 */
 374 01ca 0F93      		push r16
 375 01cc 1F93      		push r17
 376               	/* prologue end (size=2) */
 377 01ce 8C01      		movw r16,r24
 378               	.LM43:
 379 01d0 80E0      		ldi r24,lo8(0)
 380 01d2 0E94 0000 		call DF_EnableDataflash
 381 01d6 81E0      		ldi r24,lo8(1)
 382 01d8 0E94 0000 		call DF_EnableDataflash
 383               	.LM44:
 384 01dc E091 0000 		lds r30,DFSPIRoutinePointer
 385 01e0 F091 0000 		lds r31,(DFSPIRoutinePointer)+1
 386 01e4 80E5      		ldi r24,lo8(80)
 387 01e6 0995      		icall
 388               	.LM45:
 389 01e8 812F      		mov r24,r17
 390 01ea 9927      		clr r25
 391 01ec E091 0000 		lds r30,DFSPIRoutinePointer
 392 01f0 F091 0000 		lds r31,(DFSPIRoutinePointer)+1
 393 01f4 0995      		icall
 394               	.LM46:
 395 01f6 E091 0000 		lds r30,DFSPIRoutinePointer
 396 01fa F091 0000 		lds r31,(DFSPIRoutinePointer)+1
 397 01fe 802F      		mov r24,r16
 398 0200 0995      		icall
 399               	.LM47:
 400 0202 E091 0000 		lds r30,DFSPIRoutinePointer
 401 0206 F091 0000 		lds r31,(DFSPIRoutinePointer)+1
 402 020a 80E0      		ldi r24,lo8(0)
 403 020c 0995      		icall
 404               	.L25:
 405               	.LM48:
 406 020e 0E94 0000 		call DF_GetChipCharacteristics
 407 0212 8823      		tst r24
 408 0214 E4F7      		brge .L25
 409               	/* epilogue: frame size=0 */
 410 0216 1F91      		pop r17
 411 0218 0F91      		pop r16
 412 021a 0895      		ret
 413               	/* epilogue end (size=3) */
 414               	/* function DF_EraseBlock size 42 (37) */
 415               	.LFE21:
 417               	.global	DF_CopyFlashPageToBuffer
 419               	DF_CopyFlashPageToBuffer:
 420               	.LFB17:
 421               	.LM49:
 422               	/* prologue: frame size=0 */
 423 021c 0F93      		push r16
 424 021e 1F93      		push r17
 425               	/* prologue end (size=2) */
 426 0220 8C01      		movw r16,r24
 427               	.LM50:
 428 0222 80E0      		ldi r24,lo8(0)
 429 0224 0E94 0000 		call DF_EnableDataflash
 430 0228 81E0      		ldi r24,lo8(1)
 431 022a 0E94 0000 		call DF_EnableDataflash
 432               	.LM51:
 433 022e E091 0000 		lds r30,DFSPIRoutinePointer
 434 0232 F091 0000 		lds r31,(DFSPIRoutinePointer)+1
 435 0236 83E5      		ldi r24,lo8(83)
 436 0238 0995      		icall
 437               	.LM52:
 438 023a 8AB5      		in r24,74-0x20
 439 023c 9801      		movw r18,r16
 440 023e 02C0      		rjmp 2f
 441 0240 3695      	1:	lsr r19
 442 0242 2795      		ror r18
 443 0244 8A95      	2:	dec r24
 444 0246 E2F7      		brpl 1b
 445 0248 C901      		movw r24,r18
 446 024a E091 0000 		lds r30,DFSPIRoutinePointer
 447 024e F091 0000 		lds r31,(DFSPIRoutinePointer)+1
 448 0252 0995      		icall
 449               	.LM53:
 450 0254 8BB5      		in r24,75-0x20
 451 0256 02C0      		rjmp 2f
 452 0258 000F      	1:	lsl r16
 453 025a 111F      		rol r17
 454 025c 8A95      	2:	dec r24
 455 025e E2F7      		brpl 1b
 456 0260 C801      		movw r24,r16
 457 0262 E091 0000 		lds r30,DFSPIRoutinePointer
 458 0266 F091 0000 		lds r31,(DFSPIRoutinePointer)+1
 459 026a 0995      		icall
 460               	.LM54:
 461 026c E091 0000 		lds r30,DFSPIRoutinePointer
 462 0270 F091 0000 		lds r31,(DFSPIRoutinePointer)+1
 463 0274 80E0      		ldi r24,lo8(0)
 464 0276 0995      		icall
 465               	.L30:
 466               	.LM55:
 467 0278 0E94 0000 		call DF_GetChipCharacteristics
 468 027c 8823      		tst r24
 469 027e E4F7      		brge .L30
 470               	/* epilogue: frame size=0 */
 471 0280 1F91      		pop r17
 472 0282 0F91      		pop r16
 473 0284 0895      		ret
 474               	/* epilogue end (size=3) */
 475               	/* function DF_CopyFlashPageToBuffer size 56 (51) */
 476               	.LFE17:
 478               	.global	DF_CopyBufferToFlashPage
 480               	DF_CopyBufferToFlashPage:
 481               	.LFB16:
 482               	.LM56:
 483               	/* prologue: frame size=0 */
 484 0286 0F93      		push r16
 485 0288 1F93      		push r17
 486               	/* prologue end (size=2) */
 487 028a 8C01      		movw r16,r24
 488               	.LM57:
 489 028c 80E0      		ldi r24,lo8(0)
 490 028e 0E94 0000 		call DF_EnableDataflash
 491 0292 81E0      		ldi r24,lo8(1)
 492 0294 0E94 0000 		call DF_EnableDataflash
 493               	.LM58:
 494 0298 E091 0000 		lds r30,DFSPIRoutinePointer
 495 029c F091 0000 		lds r31,(DFSPIRoutinePointer)+1
 496 02a0 83E8      		ldi r24,lo8(-125)
 497 02a2 0995      		icall
 498               	.LM59:
 499 02a4 8AB5      		in r24,74-0x20
 500 02a6 9801      		movw r18,r16
 501 02a8 02C0      		rjmp 2f
 502 02aa 3695      	1:	lsr r19
 503 02ac 2795      		ror r18
 504 02ae 8A95      	2:	dec r24
 505 02b0 E2F7      		brpl 1b
 506 02b2 C901      		movw r24,r18
 507 02b4 E091 0000 		lds r30,DFSPIRoutinePointer
 508 02b8 F091 0000 		lds r31,(DFSPIRoutinePointer)+1
 509 02bc 0995      		icall
 510               	.LM60:
 511 02be 8BB5      		in r24,75-0x20
 512 02c0 02C0      		rjmp 2f
 513 02c2 000F      	1:	lsl r16
 514 02c4 111F      		rol r17
 515 02c6 8A95      	2:	dec r24
 516 02c8 E2F7      		brpl 1b
 517 02ca C801      		movw r24,r16
 518 02cc E091 0000 		lds r30,DFSPIRoutinePointer
 519 02d0 F091 0000 		lds r31,(DFSPIRoutinePointer)+1
 520 02d4 0995      		icall
 521               	.LM61:
 522 02d6 E091 0000 		lds r30,DFSPIRoutinePointer
 523 02da F091 0000 		lds r31,(DFSPIRoutinePointer)+1
 524 02de 80E0      		ldi r24,lo8(0)
 525 02e0 0995      		icall
 526               	.L35:
 527               	.LM62:
 528 02e2 0E94 0000 		call DF_GetChipCharacteristics
 529 02e6 8823      		tst r24
 530 02e8 E4F7      		brge .L35
 531               	/* epilogue: frame size=0 */
 532 02ea 1F91      		pop r17
 533 02ec 0F91      		pop r16
 534 02ee 0895      		ret
 535               	/* epilogue end (size=3) */
 536               	/* function DF_CopyBufferToFlashPage size 56 (51) */
 537               	.LFE16:
 539               	.global	DF_CheckCorrectOnboardChip
 541               	DF_CheckCorrectOnboardChip:
 542               	.LFB14:
 543               	.LM63:
 544               	/* prologue: frame size=0 */
 545               	/* prologue end (size=0) */
 546               	.LM64:
 547 02f0 0E94 0000 		call DF_GetChipCharacteristics
 548               	.LM65:
 549 02f4 8091 0000 		lds r24,DataflashInfo+3
 550 02f8 9091 0000 		lds r25,(DataflashInfo+3)+1
 551 02fc 8050      		subi r24,lo8(2048)
 552 02fe 9840      		sbci r25,hi8(2048)
 553 0300 61F0      		breq .L39
 554               	.LM66:
 555 0302 8091 6400 		lds r24,100
 556 0306 8460      		ori r24,lo8(4)
 557 0308 8093 6400 		sts 100,r24
 558               	.LM67:
 559 030c 80E0      		ldi r24,lo8(DataFlashError)
 560 030e 90E0      		ldi r25,hi8(DataFlashError)
 561 0310 0E94 0000 		call MAIN_ShowError
 562               	.LM68:
 563 0314 80E0      		ldi r24,lo8(0)
 564 0316 90E0      		ldi r25,hi8(0)
 565 0318 0895      		ret
 566               	.L39:
 567               	.LM69:
 568 031a 81E0      		ldi r24,lo8(1)
 569 031c 90E0      		ldi r25,hi8(1)
 570               	.LM70:
 571 031e 0895      		ret
 572               	/* epilogue: frame size=0 */
 573               	/* epilogue: noreturn */
 574               	/* epilogue end (size=0) */
 575               	/* function DF_CheckCorrectOnboardChip size 25 (25) */
 576               	.LFE14:
 578               		.comm DataflashInfo,5,1
 579               		.comm CurrPageAddress,2,1
 580               		.comm CurrBuffByte,2,1
 581               		.comm UseExernalDF,1,1
 582               	.Letext0:
DEFINED SYMBOLS
                            *ABS*:00000000 Dataflash.c
C:\DOCUME~1\Dean\LOCALS~1\Temp/ccQ9aaaa.s:3      *ABS*:0000003f __SREG__
C:\DOCUME~1\Dean\LOCALS~1\Temp/ccQ9aaaa.s:4      *ABS*:0000003e __SP_H__
C:\DOCUME~1\Dean\LOCALS~1\Temp/ccQ9aaaa.s:5      *ABS*:0000003d __SP_L__
C:\DOCUME~1\Dean\LOCALS~1\Temp/ccQ9aaaa.s:6      *ABS*:00000000 __tmp_reg__
C:\DOCUME~1\Dean\LOCALS~1\Temp/ccQ9aaaa.s:7      *ABS*:00000001 __zero_reg__
C:\DOCUME~1\Dean\LOCALS~1\Temp/ccQ9aaaa.s:22     .data:00000000 DFSPIRoutinePointer
C:\DOCUME~1\Dean\LOCALS~1\Temp/ccQ9aaaa.s:28     .progmem.data:00000000 DataFlashError
C:\DOCUME~1\Dean\LOCALS~1\Temp/ccQ9aaaa.s:33     .progmem.data:00000010 DF_Pages
C:\DOCUME~1\Dean\LOCALS~1\Temp/ccQ9aaaa.s:45     .progmem.data:00000020 DF_PageSize
C:\DOCUME~1\Dean\LOCALS~1\Temp/ccQ9aaaa.s:57     .progmem.data:00000030 DF_PageBits
C:\DOCUME~1\Dean\LOCALS~1\Temp/ccQ9aaaa.s:69     .text:00000000 DF_EnableDataflash
                            *COM*:00000001 UseExernalDF
C:\DOCUME~1\Dean\LOCALS~1\Temp/ccQ9aaaa.s:109    .text:00000024 DF_ReadBufferByte
C:\DOCUME~1\Dean\LOCALS~1\Temp/ccQ9aaaa.s:160    .text:0000007c DF_ContinuousReadEnable
C:\DOCUME~1\Dean\LOCALS~1\Temp/ccQ9aaaa.s:237    .text:00000102 DF_BufferWriteEnable
C:\DOCUME~1\Dean\LOCALS~1\Temp/ccQ9aaaa.s:281    .text:0000014c DF_GetChipCharacteristics
                            *COM*:00000005 DataflashInfo
C:\DOCUME~1\Dean\LOCALS~1\Temp/ccQ9aaaa.s:370    .text:000001ca DF_EraseBlock
C:\DOCUME~1\Dean\LOCALS~1\Temp/ccQ9aaaa.s:419    .text:0000021c DF_CopyFlashPageToBuffer
C:\DOCUME~1\Dean\LOCALS~1\Temp/ccQ9aaaa.s:480    .text:00000286 DF_CopyBufferToFlashPage
C:\DOCUME~1\Dean\LOCALS~1\Temp/ccQ9aaaa.s:541    .text:000002f0 DF_CheckCorrectOnboardChip
                            *COM*:00000002 CurrPageAddress
                            *COM*:00000002 CurrBuffByte

UNDEFINED SYMBOLS
__do_copy_data
__do_clear_bss
SPI_SPITransmit
MAIN_ResetCSLine
MAIN_ShowError
