   1               		.file	"LCD_Driver.c"
   2               		.arch atmega169
   3               	__SREG__ = 0x3f
   4               	__SP_H__ = 0x3e
   5               	__SP_L__ = 0x3d
   6               	__tmp_reg__ = 0
   7               	__zero_reg__ = 1
   8               		.global __do_copy_data
   9               		.global __do_clear_bss
  17               	.Ltext0:
  18               		.lcomm SegBuffer,20
  19               		.lcomm TextBuffer,27
  20               		.lcomm StrEnd,1
  21               		.lcomm StrStart,1
  22               		.lcomm UpdateLCD,1
  23               		.lcomm ScrollCount,1
  24               		.lcomm DelayCount,1
  25               		.lcomm ScrollMode,1
  26               		.section	.progmem.data,"a",@progbits
  29               	LCD_SegTable:
  30 0000 A8EA      		.word	-5464
  31 0002 802A      		.word	10880
  32 0004 0040      		.word	16384
  33 0006 000A      		.word	2560
  34 0008 510A      		.word	2641
  35 000a 0840      		.word	16392
  36 000c 5955      		.word	21849
  37 000e 1801      		.word	280
  38 0010 111E      		.word	7697
  39 0012 111B      		.word	6929
  40 0014 500B      		.word	2896
  41 0016 411B      		.word	6977
  42 0018 411F      		.word	8001
  43 001a 1101      		.word	273
  44 001c 511F      		.word	8017
  45 001e 511B      		.word	6993
  46 0020 0000      		.word	0
  47 0022 0000      		.word	0
  48 0024 0880      		.word	-32760
  49 0026 001A      		.word	6656
  50 0028 2040      		.word	16416
  51 002a 0000      		.word	0
  52 002c 0000      		.word	0
  53 002e 510F      		.word	3921
  54 0030 9139      		.word	14737
  55 0032 4114      		.word	5185
  56 0034 9131      		.word	12689
  57 0036 411E      		.word	7745
  58 0038 410E      		.word	3649
  59 003a 411D      		.word	7489
  60 003c 500F      		.word	3920
  61 003e 8020      		.word	8320
  62 0040 1015      		.word	5392
  63 0042 4886      		.word	-31160
  64 0044 4014      		.word	5184
  65 0046 7805      		.word	1400
  66 0048 7085      		.word	-31376
  67 004a 5115      		.word	5457
  68 004c 510E      		.word	3665
  69 004e 5195      		.word	-27311
  70 0050 518E      		.word	-29103
  71 0052 2190      		.word	-28639
  72 0054 8120      		.word	8321
  73 0056 5015      		.word	5456
  74 0058 4844      		.word	17480
  75 005a 50C5      		.word	-15024
  76 005c 28C0      		.word	-16344
  77 005e 2820      		.word	8232
  78 0060 0950      		.word	20489
  79 0062 4114      		.word	5185
  80 0064 2080      		.word	-32736
  81 0066 1111      		.word	4369
  82 0068 0000      		.word	0
  83 006a 0010      		.word	4096
  84               		.text
  85               	.global	LCD_Init
  87               	LCD_Init:
  88               	.LFB14:
  89               	.LM1:
  90               	/* prologue: frame size=0 */
  91               	/* prologue end (size=0) */
  92               	.LM2:
  93 0000 8FE0      		ldi r24,lo8(15)
  94 0002 8093 E700 		sts 231,r24
  95               	.LM3:
  96 0006 87EB      		ldi r24,lo8(-73)
  97 0008 8093 E500 		sts 229,r24
  98               	.LM4:
  99 000c 87E0      		ldi r24,lo8(7)
 100 000e 8093 E600 		sts 230,r24
 101               	.LM5:
 102 0012 88EC      		ldi r24,lo8(-56)
 103 0014 8093 E400 		sts 228,r24
 104               	/* epilogue: frame size=0 */
 105 0018 0895      		ret
 106               	/* epilogue end (size=1) */
 107               	/* function LCD_Init size 13 (12) */
 108               	.LFE14:
 110               	.global	LCD_puts
 112               	LCD_puts:
 113               	.LFB16:
 114               	.LM6:
 115               	/* prologue: frame size=0 */
 116               	/* prologue end (size=0) */
 117 001a DC01      		movw r26,r24
 118               	.LM7:
 119 001c 20E0      		ldi r18,lo8(0)
 120 001e 3FEF      		ldi r19,lo8(-1)
 121 0020 E0E0      		ldi r30,lo8(TextBuffer)
 122 0022 F0E0      		ldi r31,hi8(TextBuffer)
 123               	.L10:
 124               	.LBB2:
 125               	.LM8:
 126 0024 9D91      		ld r25,X+
 127               	.LM9:
 128 0026 892F      		mov r24,r25
 129 0028 8A52      		subi r24,lo8(-(-42))
 130 002a 8135      		cpi r24,lo8(81)
 131 002c 10F4      		brsh .L6
 132               	.LM10:
 133 002e 8083      		st Z,r24
 134 0030 03C0      		rjmp .L5
 135               	.L6:
 136               	.LM11:
 137 0032 9923      		tst r25
 138 0034 29F0      		breq .L4
 139               	.LM12:
 140 0036 3083      		st Z,r19
 141               	.L5:
 142               	.LBE2:
 143               	.LM13:
 144 0038 2F5F      		subi r18,lo8(-(1))
 145 003a 3196      		adiw r30,1
 146 003c 2431      		cpi r18,lo8(20)
 147 003e 90F3      		brlo .L10
 148               	.L4:
 149               	.LM14:
 150 0040 80E0      		ldi r24,lo8(0)
 151 0042 2730      		cpi r18,lo8(7)
 152 0044 08F0      		brlo .L11
 153 0046 81E0      		ldi r24,lo8(1)
 154               	.L11:
 155 0048 8093 0000 		sts ScrollMode,r24
 156               	.LM15:
 157 004c 1092 0000 		sts ScrollCount,__zero_reg__
 158 0050 9FEF      		ldi r25,lo8(-1)
 159 0052 86E0      		ldi r24,lo8(6)
 160               	.L15:
 161               	.LBB3:
 162               	.LM16:
 163 0054 E22F      		mov r30,r18
 164 0056 FF27      		clr r31
 165 0058 E050      		subi r30,lo8(-(TextBuffer))
 166 005a F040      		sbci r31,hi8(-(TextBuffer))
 167 005c 9083      		st Z,r25
 168 005e 2F5F      		subi r18,lo8(-(1))
 169               	.LM17:
 170 0060 8150      		subi r24,lo8(-(-1))
 171 0062 87FF      		sbrs r24,7
 172 0064 F7CF      		rjmp .L15
 173               	.LBE3:
 174               	.LM18:
 175 0066 E22F      		mov r30,r18
 176 0068 FF27      		clr r31
 177 006a E050      		subi r30,lo8(-(TextBuffer))
 178 006c F040      		sbci r31,hi8(-(TextBuffer))
 179 006e 1082      		st Z,__zero_reg__
 180               	.LM19:
 181 0070 1092 0000 		sts StrStart,__zero_reg__
 182               	.LM20:
 183 0074 2093 0000 		sts StrEnd,r18
 184               	.LM21:
 185 0078 8AE0      		ldi r24,lo8(10)
 186 007a 8093 0000 		sts DelayCount,r24
 187               	.LM22:
 188 007e 81E0      		ldi r24,lo8(1)
 189 0080 8093 0000 		sts UpdateLCD,r24
 190               	/* epilogue: frame size=0 */
 191 0084 0895      		ret
 192               	/* epilogue end (size=1) */
 193               	/* function LCD_puts size 54 (53) */
 194               	.LFE16:
 196               	.global	LCD_puts_f
 198               	LCD_puts_f:
 199               	.LFB15:
 200               	.LM23:
 201               	/* prologue: frame size=20 */
 202 0086 CF93      		push r28
 203 0088 DF93      		push r29
 204 008a CDB7      		in r28,__SP_L__
 205 008c DEB7      		in r29,__SP_H__
 206 008e 6497      		sbiw r28,20
 207 0090 0FB6      		in __tmp_reg__,__SREG__
 208 0092 F894      		cli
 209 0094 DEBF      		out __SP_H__,r29
 210 0096 0FBE      		out __SREG__,__tmp_reg__
 211 0098 CDBF      		out __SP_L__,r28
 212               	/* prologue end (size=10) */
 213               	.LM24:
 214 009a BC01      		movw r22,r24
 215 009c CE01      		movw r24,r28
 216 009e 0196      		adiw r24,1
 217 00a0 0E94 0000 		call strcpy_P
 218               	.LM25:
 219 00a4 CE01      		movw r24,r28
 220 00a6 0196      		adiw r24,1
 221 00a8 0E94 0000 		call LCD_puts
 222               	/* epilogue: frame size=20 */
 223 00ac 6496      		adiw r28,20
 224 00ae 0FB6      		in __tmp_reg__,__SREG__
 225 00b0 F894      		cli
 226 00b2 DEBF      		out __SP_H__,r29
 227 00b4 0FBE      		out __SREG__,__tmp_reg__
 228 00b6 CDBF      		out __SP_L__,r28
 229 00b8 DF91      		pop r29
 230 00ba CF91      		pop r28
 231 00bc 0895      		ret
 232               	/* epilogue end (size=9) */
 233               	/* function LCD_puts_f size 28 (9) */
 234               	.LFE15:
 236               	.global	LCD_WriteChar
 238               	LCD_WriteChar:
 239               	.LFB17:
 240               	.LM26:
 241               	/* prologue: frame size=0 */
 242               	/* prologue end (size=0) */
 243 00be E82F      		mov r30,r24
 244               	.LM27:
 245 00c0 20E0      		ldi r18,lo8(0)
 246 00c2 30E0      		ldi r19,hi8(0)
 247               	.LM28:
 248 00c4 862F      		mov r24,r22
 249 00c6 8695      		lsr r24
 250 00c8 A82F      		mov r26,r24
 251 00ca BB27      		clr r27
 252 00cc A050      		subi r26,lo8(-(SegBuffer))
 253 00ce B040      		sbci r27,hi8(-(SegBuffer))
 254               	.LM29:
 255 00d0 EF3F      		cpi r30,lo8(-1)
 256 00d2 39F0      		breq .L21
 257               	.LBB4:
 258               	.LM30:
 259 00d4 FF27      		clr r31
 260 00d6 EE0F      		add r30,r30
 261 00d8 FF1F      		adc r31,r31
 262 00da E050      		subi r30,lo8(-(LCD_SegTable))
 263 00dc F040      		sbci r31,hi8(-(LCD_SegTable))
 264               	.LBE4:
 265               	/* #APP */
 266 00de 2591      		lpm r18, Z+
 267 00e0 3491      		lpm r19, Z
 268               		
 269               	/* #NOAPP */
 270               	.L21:
 271 00e2 7727      		clr r23
 272 00e4 6170      		andi r22,lo8(1)
 273 00e6 7070      		andi r23,hi8(1)
 274 00e8 43E0      		ldi r20,lo8(3)
 275               	.L26:
 276               	.LBB5:
 277               	.LBB6:
 278               	.LM31:
 279 00ea 50EF      		ldi r21,lo8(-16)
 280               	.LM32:
 281 00ec 922F      		mov r25,r18
 282 00ee 9F70      		andi r25,lo8(15)
 283               	.LM33:
 284 00f0 6115      		cp r22,__zero_reg__
 285 00f2 7105      		cpc r23,__zero_reg__
 286 00f4 19F0      		breq .L25
 287               	.LM34:
 288 00f6 5FE0      		ldi r21,lo8(15)
 289               	.LM35:
 290 00f8 9295      		swap r25
 291 00fa 907F      		andi r25,0xf0
 292               	.L25:
 293               	.LM36:
 294 00fc 8C91      		ld r24,X
 295 00fe 8523      		and r24,r21
 296 0100 892B      		or r24,r25
 297 0102 8C93      		st X,r24
 298               	.LM37:
 299 0104 84E0      		ldi r24,4
 300 0106 3695      	1:	lsr r19
 301 0108 2795      		ror r18
 302 010a 8A95      		dec r24
 303 010c E1F7      		brne 1b
 304               	.LM38:
 305 010e 1596      		adiw r26,5
 306               	.LBE6:
 307               	.LM39:
 308 0110 4150      		subi r20,lo8(-(-1))
 309 0112 47FF      		sbrs r20,7
 310 0114 EACF      		rjmp .L26
 311               	.LBE5:
 312               	/* epilogue: frame size=0 */
 313 0116 0895      		ret
 314               	/* epilogue end (size=1) */
 315               	/* function LCD_WriteChar size 49 (48) */
 316               	.LFE17:
 318               	.global	__vector_22
 320               	__vector_22:
 321               	.LFB18:
 322               	.LM40:
 323               	/* prologue: frame size=0 */
 324 0118 7894      		sei
 325 011a 1F92      		push __zero_reg__
 326 011c 0F92      		push __tmp_reg__
 327 011e 0FB6      		in __tmp_reg__,__SREG__
 328 0120 0F92      		push __tmp_reg__
 329 0122 1124      		clr __zero_reg__
 330 0124 2F93      		push r18
 331 0126 3F93      		push r19
 332 0128 4F93      		push r20
 333 012a 5F93      		push r21
 334 012c 6F93      		push r22
 335 012e 7F93      		push r23
 336 0130 8F93      		push r24
 337 0132 9F93      		push r25
 338 0134 AF93      		push r26
 339 0136 BF93      		push r27
 340 0138 CF93      		push r28
 341 013a EF93      		push r30
 342 013c FF93      		push r31
 343               	/* prologue end (size=19) */
 344               	.LM41:
 345 013e 8091 0000 		lds r24,ScrollMode
 346 0142 8823      		tst r24
 347 0144 99F0      		breq .L30
 348               	.LM42:
 349 0146 8091 0000 		lds r24,DelayCount
 350 014a 8823      		tst r24
 351 014c 21F0      		breq .L31
 352               	.LM43:
 353 014e 8150      		subi r24,lo8(-(-1))
 354 0150 8093 0000 		sts DelayCount,r24
 355 0154 0BC0      		rjmp .L30
 356               	.L31:
 357               	.LM44:
 358 0156 8091 0000 		lds r24,ScrollCount
 359 015a 8823      		tst r24
 360 015c 21F4      		brne .L33
 361               	.LM45:
 362 015e 81E0      		ldi r24,lo8(1)
 363 0160 8093 0000 		sts UpdateLCD,r24
 364 0164 03C0      		rjmp .L30
 365               	.L33:
 366               	.LM46:
 367 0166 8150      		subi r24,lo8(-(-1))
 368 0168 8093 0000 		sts ScrollCount,r24
 369               	.L30:
 370               	.LM47:
 371 016c 8091 0000 		lds r24,UpdateLCD
 372 0170 8823      		tst r24
 373 0172 39F1      		breq .L35
 374               	.LBB7:
 375               	.LM48:
 376 0174 C0E0      		ldi r28,lo8(0)
 377               	.L41:
 378               	.LBB8:
 379               	.LM49:
 380 0176 8091 0000 		lds r24,StrStart
 381 017a 8C0F      		add r24,r28
 382               	.LM50:
 383 017c 9091 0000 		lds r25,StrEnd
 384 0180 E82F      		mov r30,r24
 385 0182 FF27      		clr r31
 386 0184 8917      		cp r24,r25
 387 0186 10F0      		brlo .L39
 388               	.LM51:
 389 0188 E91B      		sub r30,r25
 390 018a F109      		sbc r31,__zero_reg__
 391               	.L39:
 392               	.LM52:
 393 018c E050      		subi r30,lo8(-(TextBuffer))
 394 018e F040      		sbci r31,hi8(-(TextBuffer))
 395 0190 8081      		ld r24,Z
 396               	.LM53:
 397 0192 6C2F      		mov r22,r28
 398 0194 0E94 0000 		call LCD_WriteChar
 399               	.LBE8:
 400               	.LM54:
 401 0198 CF5F      		subi r28,lo8(-(1))
 402 019a C630      		cpi r28,lo8(6)
 403 019c 60F3      		brlo .L41
 404               	.LBE7:
 405               	.LM55:
 406 019e 8091 0000 		lds r24,StrStart
 407 01a2 982F      		mov r25,r24
 408 01a4 8F5F      		subi r24,lo8(-(1))
 409 01a6 8093 0000 		sts StrStart,r24
 410 01aa 8091 0000 		lds r24,StrEnd
 411 01ae 9817      		cp r25,r24
 412 01b0 19F4      		brne .L42
 413               	.LM56:
 414 01b2 81E0      		ldi r24,lo8(1)
 415 01b4 8093 0000 		sts StrStart,r24
 416               	.L42:
 417               	.LM57:
 418 01b8 83E0      		ldi r24,lo8(3)
 419 01ba 8093 0000 		sts ScrollCount,r24
 420               	.LM58:
 421 01be 1092 0000 		sts UpdateLCD,__zero_reg__
 422               	.L35:
 423 01c2 ACEE      		ldi r26,lo8(236)
 424 01c4 B0E0      		ldi r27,hi8(236)
 425 01c6 E0E0      		ldi r30,lo8(SegBuffer)
 426 01c8 F0E0      		ldi r31,hi8(SegBuffer)
 427 01ca 93E1      		ldi r25,lo8(19)
 428               	.L46:
 429               	.LBB9:
 430               	.LM59:
 431 01cc 8191      		ld r24,Z+
 432 01ce 8D93      		st X+,r24
 433               	.LM60:
 434 01d0 9150      		subi r25,lo8(-(-1))
 435 01d2 97FF      		sbrs r25,7
 436 01d4 FBCF      		rjmp .L46
 437               	.LBE9:
 438               	/* epilogue: frame size=0 */
 439 01d6 FF91      		pop r31
 440 01d8 EF91      		pop r30
 441 01da CF91      		pop r28
 442 01dc BF91      		pop r27
 443 01de AF91      		pop r26
 444 01e0 9F91      		pop r25
 445 01e2 8F91      		pop r24
 446 01e4 7F91      		pop r23
 447 01e6 6F91      		pop r22
 448 01e8 5F91      		pop r21
 449 01ea 4F91      		pop r20
 450 01ec 3F91      		pop r19
 451 01ee 2F91      		pop r18
 452 01f0 0F90      		pop __tmp_reg__
 453 01f2 0FBE      		out __SREG__,__tmp_reg__
 454 01f4 0F90      		pop __tmp_reg__
 455 01f6 1F90      		pop __zero_reg__
 456 01f8 1895      		reti
 457               	/* epilogue end (size=18) */
 458               	/* function __vector_22 size 113 (76) */
 459               	.LFE18:
 461               	.Letext0:
DEFINED SYMBOLS
                            *ABS*:00000000 LCD_Driver.c
C:\DOCUME~1\Dean\LOCALS~1\Temp/ccATaaaa.s:3      *ABS*:0000003f __SREG__
C:\DOCUME~1\Dean\LOCALS~1\Temp/ccATaaaa.s:4      *ABS*:0000003e __SP_H__
C:\DOCUME~1\Dean\LOCALS~1\Temp/ccATaaaa.s:5      *ABS*:0000003d __SP_L__
C:\DOCUME~1\Dean\LOCALS~1\Temp/ccATaaaa.s:6      *ABS*:00000000 __tmp_reg__
C:\DOCUME~1\Dean\LOCALS~1\Temp/ccATaaaa.s:7      *ABS*:00000001 __zero_reg__
                             .bss:00000000 SegBuffer
C:\DOCUME~1\Dean\LOCALS~1\Temp/ccATaaaa.s:18     .bss:00000014 TextBuffer
C:\DOCUME~1\Dean\LOCALS~1\Temp/ccATaaaa.s:19     .bss:0000002f StrEnd
C:\DOCUME~1\Dean\LOCALS~1\Temp/ccATaaaa.s:20     .bss:00000030 StrStart
C:\DOCUME~1\Dean\LOCALS~1\Temp/ccATaaaa.s:21     .bss:00000031 UpdateLCD
C:\DOCUME~1\Dean\LOCALS~1\Temp/ccATaaaa.s:22     .bss:00000032 ScrollCount
C:\DOCUME~1\Dean\LOCALS~1\Temp/ccATaaaa.s:23     .bss:00000033 DelayCount
C:\DOCUME~1\Dean\LOCALS~1\Temp/ccATaaaa.s:24     .bss:00000034 ScrollMode
C:\DOCUME~1\Dean\LOCALS~1\Temp/ccATaaaa.s:29     .progmem.data:00000000 LCD_SegTable
C:\DOCUME~1\Dean\LOCALS~1\Temp/ccATaaaa.s:87     .text:00000000 LCD_Init
C:\DOCUME~1\Dean\LOCALS~1\Temp/ccATaaaa.s:112    .text:0000001a LCD_puts
C:\DOCUME~1\Dean\LOCALS~1\Temp/ccATaaaa.s:198    .text:00000086 LCD_puts_f
C:\DOCUME~1\Dean\LOCALS~1\Temp/ccATaaaa.s:238    .text:000000be LCD_WriteChar
C:\DOCUME~1\Dean\LOCALS~1\Temp/ccATaaaa.s:320    .text:00000118 __vector_22

UNDEFINED SYMBOLS
__do_copy_data
__do_clear_bss
strcpy_P
