   1               		.file	"ProgramManager.c"
   2               		.arch atmega169
   3               	__SREG__ = 0x3f
   4               	__SP_H__ = 0x3e
   5               	__SP_L__ = 0x3d
   6               	__tmp_reg__ = 0
   7               	__zero_reg__ = 1
   8               		.global __do_copy_data
   9               		.global __do_clear_bss
  17               	.Ltext0:
  18               	.global	PM_SetupDFAddressCounters
  20               	PM_SetupDFAddressCounters:
  21               	.LFB15:
  22               	.LM1:
  23               	/* prologue: frame size=0 */
  24               	/* prologue end (size=0) */
  25               	.LVL0:
  26               	.LM2:
  27 0000 8093 0000 		sts MemoryType,r24
  28               	.LM3:
  29 0004 1092 0000 		sts (GPageLength)+1,__zero_reg__
  30 0008 1092 0000 		sts GPageLength,__zero_reg__
  31 000c 2091 0000 		lds r18,CurrAddress
  32 0010 3091 0000 		lds r19,(CurrAddress)+1
  33 0014 4091 0000 		lds r20,(CurrAddress)+2
  34 0018 5091 0000 		lds r21,(CurrAddress)+3
  35               	.LM4:
  36 001c 8130      		cpi r24,lo8(1)
  37 001e 01F4      		brne .L2
  38               	.LM5:
  39 0020 DA01      		movw r26,r20
  40 0022 C901      		movw r24,r18
  41               	.LVL1:
  42 0024 880F      		lsl r24
  43 0026 991F      		rol r25
  44 0028 AA1F      		rol r26
  45 002a BB1F      		rol r27
  46 002c 00C0      		rjmp .L4
  47               	.LVL2:
  48               	.L2:
  49               	.LM6:
  50 002e DA01      		movw r26,r20
  51 0030 C901      		movw r24,r18
  52               	.LVL3:
  53 0032 8050      		subi r24,lo8(-(263168))
  54 0034 9C4F      		sbci r25,hi8(-(263168))
  55 0036 AB4F      		sbci r26,hlo8(-(263168))
  56 0038 BF4F      		sbci r27,hhi8(-(263168))
  57               	.L4:
  58               	.LM7:
  59 003a 1092 0000 		sts (DataflashInfo+6)+1,__zero_reg__
  60 003e 1092 0000 		sts DataflashInfo+6,__zero_reg__
  61 0042 20E0      		ldi r18,lo8(0)
  62 0044 30E0      		ldi r19,hi8(0)
  63 0046 00C0      		rjmp .L5
  64               	.L6:
  65               	.LM8:
  66 0048 8850      		subi r24,lo8(-(-264))
  67 004a 9140      		sbci r25,hi8(-(-264))
  68 004c A040      		sbci r26,hlo8(-(-264))
  69 004e B040      		sbci r27,hhi8(-(-264))
  70 0050 2F5F      		subi r18,lo8(-(1))
  71 0052 3F4F      		sbci r19,hi8(-(1))
  72               	.L5:
  73               	.LM9:
  74 0054 8830      		cpi r24,lo8(264)
  75 0056 41E0      		ldi r20,hi8(264)
  76 0058 9407      		cpc r25,r20
  77 005a 40E0      		ldi r20,hlo8(264)
  78 005c A407      		cpc r26,r20
  79 005e 40E0      		ldi r20,hhi8(264)
  80 0060 B407      		cpc r27,r20
  81 0062 00F4      		brsh .L6
  82 0064 3093 0000 		sts (DataflashInfo+6)+1,r19
  83 0068 2093 0000 		sts DataflashInfo+6,r18
  84               	.LM10:
  85 006c 9093 0000 		sts (DataflashInfo+8)+1,r25
  86 0070 8093 0000 		sts DataflashInfo+8,r24
  87               	/* epilogue: frame size=0 */
  88 0074 0895      		ret
  89               	/* epilogue end (size=1) */
  90               	/* function PM_SetupDFAddressCounters size 59 (58) */
  91               	.LFE15:
  93               	.global	PM_CheckEndOfFuseLockData
  95               	PM_CheckEndOfFuseLockData:
  96               	.LFB18:
  97               	.LM11:
  98               	/* prologue: frame size=4 */
  99 0076 CF93      		push r28
 100 0078 DF93      		push r29
 101 007a CDB7      		in r28,__SP_L__
 102 007c DEB7      		in r29,__SP_H__
 103 007e 2497      		sbiw r28,4
 104 0080 0FB6      		in __tmp_reg__,__SREG__
 105 0082 F894      		cli
 106 0084 DEBF      		out __SP_H__,r29
 107 0086 0FBE      		out __SREG__,__tmp_reg__
 108 0088 CDBF      		out __SP_L__,r28
 109               	/* prologue end (size=10) */
 110               	.LM12:
 111 008a 8091 0000 		lds r24,CurrentMode
 112 008e 8130      		cpi r24,lo8(1)
 113 0090 01F0      		breq .+2
 114 0092 00C0      		rjmp .L10
 115               	.LBB17:
 116               	.LM13:
 117 0094 8091 0000 		lds r24,DataflashInfo+8
 118 0098 9091 0000 		lds r25,(DataflashInfo+8)+1
 119 009c 892B      		or r24,r25
 120 009e 01F0      		breq .L12
 121               	.LM14:
 122 00a0 8091 0000 		lds r24,DataflashInfo+6
 123 00a4 9091 0000 		lds r25,(DataflashInfo+6)+1
 124 00a8 0E94 0000 		call DF_CopyBufferToFlashPage
 125               	.L12:
 126               	.LM15:
 127 00ac 2091 0000 		lds r18,DataflashInfo+6
 128 00b0 3091 0000 		lds r19,(DataflashInfo+6)+1
 129 00b4 88E0      		ldi r24,lo8(264)
 130 00b6 91E0      		ldi r25,hi8(264)
 131 00b8 AC01      		movw r20,r24
 132 00ba 249F      		mul r18,r20
 133 00bc C001      		movw r24,r0
 134 00be 259F      		mul r18,r21
 135 00c0 900D      		add r25,r0
 136 00c2 349F      		mul r19,r20
 137 00c4 900D      		add r25,r0
 138 00c6 1124      		clr r1
 139 00c8 2091 0000 		lds r18,DataflashInfo+8
 140 00cc 3091 0000 		lds r19,(DataflashInfo+8)+1
 141 00d0 820F      		add r24,r18
 142 00d2 931F      		adc r25,r19
 143 00d4 9C01      		movw r18,r24
 144 00d6 4427      		clr r20
 145 00d8 5527      		clr r21
 146 00da 2983      		std Y+1,r18
 147 00dc 3A83      		std Y+2,r19
 148 00de 4B83      		std Y+3,r20
 149 00e0 5C83      		std Y+4,r21
 150               	.LVL4:
 151               	.LM16:
 152 00e2 8091 0000 		lds r24,MemoryType
 153 00e6 FE01      		movw r30,r28
 154 00e8 3196      		adiw r30,1
 155 00ea 8130      		cpi r24,lo8(1)
 156 00ec 01F4      		brne .L14
 157               	.LBB18:
 158               	.LBB19:
 159               	.LBB20:
 160               	.LM17:
 161 00ee 84E0      		ldi r24,lo8(4)
 162 00f0 A0E0      		ldi r26,lo8(EEPROMVars+31)
 163 00f2 B0E0      		ldi r27,hi8(EEPROMVars+31)
 164 00f4 00C0      		rjmp .L22
 165               	.L14:
 166               	.LBE20:
 167               	.LBE19:
 168               	.LBE18:
 169               	.LM18:
 170 00f6 2050      		subi r18,lo8(-(-263168))
 171 00f8 3440      		sbci r19,hi8(-(-263168))
 172 00fa 4440      		sbci r20,hlo8(-(-263168))
 173 00fc 5040      		sbci r21,hhi8(-(-263168))
 174 00fe 2983      		std Y+1,r18
 175 0100 3A83      		std Y+2,r19
 176 0102 4B83      		std Y+3,r20
 177 0104 5C83      		std Y+4,r21
 178               	.LBB21:
 179               	.LBB22:
 180               	.LBB23:
 181               	.LM19:
 182 0106 84E0      		ldi r24,lo8(4)
 183 0108 A0E0      		ldi r26,lo8(EEPROMVars+35)
 184 010a B0E0      		ldi r27,hi8(EEPROMVars+35)
 185               	.L22:
 186               	/* #APP */
 187 010c 182E      		mov __zero_reg__,r24
 188 010e 0E94 0000 		call __eeprom_write_block_1F2021
 189               	.LVL5:
 190               	/* #NOAPP */
 191 0112 00C0      		rjmp .L21
 192               	.LVL6:
 193               	.L10:
 194               	.LBE23:
 195               	.LBE22:
 196               	.LBE21:
 197               	.LBE17:
 198               	.LM20:
 199 0114 8330      		cpi r24,lo8(3)
 200 0116 01F4      		brne .L21
 201               	.LM21:
 202 0118 2091 0000 		lds r18,DataflashInfo+8
 203 011c 3091 0000 		lds r19,(DataflashInfo+8)+1
 204 0120 8091 0000 		lds r24,MemoryType
 205 0124 8230      		cpi r24,lo8(2)
 206 0126 01F4      		brne .L18
 207 0128 A0E0      		ldi r26,lo8(EEPROMVars+51)
 208 012a B0E0      		ldi r27,hi8(EEPROMVars+51)
 209               	.LVL7:
 210 012c 00C0      		rjmp .L20
 211               	.LVL8:
 212               	.L18:
 213 012e A0E0      		ldi r26,lo8(EEPROMVars+52)
 214 0130 B0E0      		ldi r27,hi8(EEPROMVars+52)
 215               	.LVL9:
 216               	.L20:
 217               	.LBB24:
 218               	.LBB25:
 219               	.LM22:
 220               	/* #APP */
 221 0132 022E      		mov __tmp_reg__,r18
 222 0134 0E94 0000 		call __eeprom_write_byte_1F2021
 223               	.LVL10:
 224               	/* #NOAPP */
 225               	.L21:
 226               	.LBE25:
 227               	.LBE24:
 228               	/* epilogue: frame size=4 */
 229 0138 2496      		adiw r28,4
 230 013a 0FB6      		in __tmp_reg__,__SREG__
 231 013c F894      		cli
 232 013e DEBF      		out __SP_H__,r29
 233 0140 0FBE      		out __SREG__,__tmp_reg__
 234 0142 CDBF      		out __SP_L__,r28
 235 0144 DF91      		pop r29
 236 0146 CF91      		pop r28
 237 0148 0895      		ret
 238               	/* epilogue end (size=9) */
 239               	/* function PM_CheckEndOfFuseLockData size 108 (89) */
 240               	.LFE18:
 242               	.global	PM_GetStoredDataSize
 244               	PM_GetStoredDataSize:
 245               	.LFB14:
 246               	.LM23:
 247               	/* prologue: frame size=4 */
 248 014a CF93      		push r28
 249 014c DF93      		push r29
 250 014e CDB7      		in r28,__SP_L__
 251 0150 DEB7      		in r29,__SP_H__
 252 0152 2497      		sbiw r28,4
 253 0154 0FB6      		in __tmp_reg__,__SREG__
 254 0156 F894      		cli
 255 0158 DEBF      		out __SP_H__,r29
 256 015a 0FBE      		out __SREG__,__tmp_reg__
 257 015c CDBF      		out __SP_L__,r28
 258               	/* prologue end (size=10) */
 259               	.LVL11:
 260               	.LM24:
 261 015e 8130      		cpi r24,lo8(1)
 262 0160 01F4      		brne .L24
 263               	.LM25:
 264 0162 A0E0      		ldi r26,lo8(EEPROMVars+31)
 265 0164 B0E0      		ldi r27,hi8(EEPROMVars+31)
 266 0166 00C0      		rjmp .L26
 267               	.L24:
 268 0168 A0E0      		ldi r26,lo8(EEPROMVars+35)
 269 016a B0E0      		ldi r27,hi8(EEPROMVars+35)
 270               	.L26:
 271               	.LBB26:
 272               	.LBB27:
 273               	.LBB28:
 274               	.LM26:
 275 016c 84E0      		ldi r24,lo8(4)
 276               	.LVL12:
 277 016e FE01      		movw r30,r28
 278 0170 3196      		adiw r30,1
 279               	/* #APP */
 280 0172 182E      		mov __zero_reg__,r24
 281 0174 0E94 0000 		call __eeprom_read_block_1F2021
 282               	.LVL13:
 283               	.LVL14:
 284               	/* #NOAPP */
 285               	.LBE28:
 286               	.LBE27:
 287               	.LBE26:
 288               	.LM27:
 289 0178 6981      		ldd r22,Y+1
 290 017a 7A81      		ldd r23,Y+2
 291 017c 8B81      		ldd r24,Y+3
 292 017e 9C81      		ldd r25,Y+4
 293 0180 6F3F      		cpi r22,lo8(-1)
 294 0182 2FEF      		ldi r18,hi8(-1)
 295 0184 7207      		cpc r23,r18
 296 0186 2FEF      		ldi r18,hlo8(-1)
 297 0188 8207      		cpc r24,r18
 298 018a 2FEF      		ldi r18,hhi8(-1)
 299 018c 9207      		cpc r25,r18
 300 018e 01F4      		brne .L27
 301 0190 60E0      		ldi r22,lo8(0)
 302 0192 70E0      		ldi r23,hi8(0)
 303 0194 80E0      		ldi r24,hlo8(0)
 304 0196 90E0      		ldi r25,hhi8(0)
 305               	.L27:
 306               	/* epilogue: frame size=4 */
 307 0198 2496      		adiw r28,4
 308 019a 0FB6      		in __tmp_reg__,__SREG__
 309 019c F894      		cli
 310 019e DEBF      		out __SP_H__,r29
 311 01a0 0FBE      		out __SREG__,__tmp_reg__
 312 01a2 CDBF      		out __SP_L__,r28
 313 01a4 DF91      		pop r29
 314 01a6 CF91      		pop r28
 315 01a8 0895      		ret
 316               	/* epilogue end (size=9) */
 317               	/* function PM_GetStoredDataSize size 49 (30) */
 318               	.LFE14:
 320               	.global	PM_StoreProgramByte
 322               	PM_StoreProgramByte:
 323               	.LFB16:
 324               	.LM28:
 325               	/* prologue: frame size=0 */
 326 01aa 1F93      		push r17
 327               	/* prologue end (size=1) */
 328               	.LVL15:
 329 01ac 182F      		mov r17,r24
 330               	.LM29:
 331 01ae 8091 0000 		lds r24,DataflashInfo+8
 332 01b2 9091 0000 		lds r25,(DataflashInfo+8)+1
 333               	.LVL16:
 334 01b6 8850      		subi r24,lo8(264)
 335 01b8 9140      		sbci r25,hi8(264)
 336 01ba 01F4      		brne .L31
 337               	.LM30:
 338 01bc 8091 0000 		lds r24,DataflashInfo+6
 339 01c0 9091 0000 		lds r25,(DataflashInfo+6)+1
 340 01c4 0196      		adiw r24,1
 341 01c6 9093 0000 		sts (DataflashInfo+6)+1,r25
 342 01ca 8093 0000 		sts DataflashInfo+6,r24
 343 01ce 0197      		sbiw r24,1
 344 01d0 0E94 0000 		call DF_CopyBufferToFlashPage
 345               	.LM31:
 346 01d4 80E0      		ldi r24,lo8(0)
 347 01d6 90E0      		ldi r25,hi8(0)
 348 01d8 0E94 0000 		call DF_BufferWriteEnable
 349               	.LM32:
 350 01dc 1092 0000 		sts (DataflashInfo+8)+1,__zero_reg__
 351 01e0 1092 0000 		sts DataflashInfo+8,__zero_reg__
 352               	.L31:
 353               	.LM33:
 354 01e4 812F      		mov r24,r17
 355 01e6 0E94 0000 		call SPI_SPITransmit
 356               	.LM34:
 357 01ea 8091 0000 		lds r24,DataflashInfo+8
 358 01ee 9091 0000 		lds r25,(DataflashInfo+8)+1
 359 01f2 0196      		adiw r24,1
 360 01f4 9093 0000 		sts (DataflashInfo+8)+1,r25
 361 01f8 8093 0000 		sts DataflashInfo+8,r24
 362               	.LM35:
 363 01fc 8091 0000 		lds r24,GPageLength
 364 0200 9091 0000 		lds r25,(GPageLength)+1
 365 0204 0196      		adiw r24,1
 366 0206 9093 0000 		sts (GPageLength)+1,r25
 367 020a 8093 0000 		sts GPageLength,r24
 368               	/* epilogue: frame size=0 */
 369 020e 1F91      		pop r17
 370 0210 0895      		ret
 371               	/* epilogue end (size=2) */
 372               	/* function PM_StoreProgramByte size 53 (50) */
 373               	.LFE16:
 375               	.global	PM_SendFuseLockBytes
 377               	PM_SendFuseLockBytes:
 378               	.LFB19:
 379               	.LM36:
 380               	/* prologue: frame size=0 */
 381 0212 EF92      		push r14
 382 0214 FF92      		push r15
 383 0216 0F93      		push r16
 384 0218 1F93      		push r17
 385 021a CF93      		push r28
 386 021c DF93      		push r29
 387               	/* prologue end (size=6) */
 388               	.LVL17:
 389               	.LM37:
 390 021e 8230      		cpi r24,lo8(2)
 391 0220 01F4      		brne .L35
 392               	.LBB36:
 393               	.LBB37:
 394               	.LM38:
 395 0222 40E0      		ldi r20,lo8(EEPROMVars+51)
 396 0224 50E0      		ldi r21,hi8(EEPROMVars+51)
 397 0226 DA01      		movw r26,r20
 398               	/* #APP */
 399 0228 0E94 0000 		call __eeprom_read_byte_1F2021
 400 022c 802D      		mov r24,__tmp_reg__
 401               	.LVL18:
 402               	/* #NOAPP */
 403               	.LBE37:
 404               	.LBE36:
 405               	.LM39:
 406 022e 182F      		mov r17,r24
 407               	.LVL19:
 408               	.LM40:
 409 0230 62E0      		ldi r22,lo8(2)
 410 0232 E62E      		mov r14,r22
 411 0234 F12C      		mov r15,__zero_reg__
 412               	.LVL20:
 413 0236 00C0      		rjmp .L52
 414               	.LVL21:
 415               	.L35:
 416               	.LBB38:
 417               	.LBB39:
 418               	.LM41:
 419 0238 40E0      		ldi r20,lo8(EEPROMVars+52)
 420 023a 50E0      		ldi r21,hi8(EEPROMVars+52)
 421 023c DA01      		movw r26,r20
 422               	/* #APP */
 423 023e 0E94 0000 		call __eeprom_read_byte_1F2021
 424 0242 802D      		mov r24,__tmp_reg__
 425               	.LVL22:
 426               	/* #NOAPP */
 427               	.LBE39:
 428               	.LBE38:
 429               	.LM42:
 430 0244 182F      		mov r17,r24
 431               	.LVL23:
 432               	.LM43:
 433 0246 39E2      		ldi r19,lo8(41)
 434 0248 E32E      		mov r14,r19
 435 024a F12C      		mov r15,__zero_reg__
 436               	.LVL24:
 437               	.L52:
 438 024c E40E      		add r14,r20
 439 024e F51E      		adc r15,r21
 440 0250 00C0      		rjmp .L53
 441               	.LVL25:
 442               	.L38:
 443 0252 E701      		movw r28,r14
 444 0254 00E0      		ldi r16,lo8(0)
 445               	.L39:
 446               	.LBB40:
 447               	.LBB41:
 448               	.LBB42:
 449               	.LM44:
 450 0256 DE01      		movw r26,r28
 451               	.LVL26:
 452               	/* #APP */
 453 0258 0E94 0000 		call __eeprom_read_byte_1F2021
 454 025c 802D      		mov r24,__tmp_reg__
 455               	.LVL27:
 456               	/* #NOAPP */
 457               	.LBE42:
 458               	.LBE41:
 459               	.LM45:
 460 025e 0E94 0000 		call USI_SPITransmit
 461               	.LVL28:
 462               	.LM46:
 463 0262 2196      		adiw r28,1
 464               	.LM47:
 465 0264 0F5F      		subi r16,lo8(-(1))
 466 0266 0430      		cpi r16,lo8(4)
 467 0268 01F4      		brne .L39
 468 026a 84E0      		ldi r24,lo8(4)
 469 026c 90E0      		ldi r25,hi8(4)
 470 026e E80E      		add r14,r24
 471 0270 F91E      		adc r15,r25
 472               	.LBE40:
 473               	.LM48:
 474 0272 1123      		tst r17
 475 0274 01F0      		breq .L53
 476               	.LM49:
 477 0276 85E0      		ldi r24,lo8(5)
 478 0278 0E94 0000 		call MAIN_Delay10MS
 479               	.LVL29:
 480               	.L53:
 481               	.LM50:
 482 027c 1150      		subi r17,1
 483 027e 00F4      		brcc .L38
 484               	/* epilogue: frame size=0 */
 485 0280 DF91      		pop r29
 486 0282 CF91      		pop r28
 487 0284 1F91      		pop r17
 488 0286 0F91      		pop r16
 489 0288 FF90      		pop r15
 490 028a EF90      		pop r14
 491 028c 0895      		ret
 492               	/* epilogue end (size=7) */
 493               	/* function PM_SendFuseLockBytes size 64 (51) */
 494               	.LFE19:
 496               	.global	PM_SendEraseCommand
 498               	PM_SendEraseCommand:
 499               	.LFB20:
 500               	.LM51:
 501               	/* prologue: frame size=0 */
 502 028e CF93      		push r28
 503 0290 DF93      		push r29
 504               	/* prologue end (size=2) */
 505 0292 C0E0      		ldi r28,lo8(EEPROMVars+27)
 506 0294 D0E0      		ldi r29,hi8(EEPROMVars+27)
 507               	.L55:
 508               	.LBB50:
 509               	.LBB51:
 510               	.LBB52:
 511               	.LM52:
 512 0296 DE01      		movw r26,r28
 513               	.LVL30:
 514               	/* #APP */
 515 0298 0E94 0000 		call __eeprom_read_byte_1F2021
 516 029c 802D      		mov r24,__tmp_reg__
 517               	.LVL31:
 518               	/* #NOAPP */
 519               	.LBE52:
 520               	.LBE51:
 521               	.LM53:
 522 029e 0E94 0000 		call USI_SPITransmit
 523               	.LVL32:
 524 02a2 2196      		adiw r28,1
 525               	.LM54:
 526 02a4 80E0      		ldi r24,hi8(EEPROMVars+31)
 527 02a6 C030      		cpi r28,lo8(EEPROMVars+31)
 528 02a8 D807      		cpc r29,r24
 529 02aa 01F4      		brne .L55
 530               	.LBE50:
 531               	.LBB53:
 532               	.LBB54:
 533               	.LM55:
 534 02ac 2597      		sbiw r28,5
 535 02ae DE01      		movw r26,r28
 536               	.LVL33:
 537               	/* #APP */
 538 02b0 0E94 0000 		call __eeprom_read_byte_1F2021
 539 02b4 802D      		mov r24,__tmp_reg__
 540               	.LVL34:
 541               	/* #NOAPP */
 542 02b6 2596      		adiw r28,5
 543               	.LBE54:
 544               	.LBE53:
 545               	.LM56:
 546 02b8 8823      		tst r24
 547 02ba 01F0      		breq .L57
 548               	.L61:
 549               	.LM57:
 550 02bc 80E0      		ldi r24,lo8(-4096)
 551 02be 90EF      		ldi r25,hi8(-4096)
 552               	.LVL35:
 553 02c0 0E94 0000 		call USI_SPITransmitWord
 554               	.LVL36:
 555               	.LM58:
 556 02c4 80E0      		ldi r24,lo8(0)
 557 02c6 90E0      		ldi r25,hi8(0)
 558 02c8 0E94 0000 		call USI_SPITransmitWord
 559 02cc 80FF      		sbrs r24,0
 560 02ce 00C0      		rjmp .L60
 561 02d0 00C0      		rjmp .L61
 562               	.LVL37:
 563               	.L57:
 564               	.LBB55:
 565               	.LBB56:
 566               	.LM59:
 567 02d2 2697      		sbiw r28,6
 568 02d4 DE01      		movw r26,r28
 569               	.LVL38:
 570               	/* #APP */
 571 02d6 0E94 0000 		call __eeprom_read_byte_1F2021
 572 02da 802D      		mov r24,__tmp_reg__
 573               	.LVL39:
 574               	/* #NOAPP */
 575               	.LBE56:
 576               	.LBE55:
 577               	.LM60:
 578 02dc 0E94 0000 		call MAIN_Delay1MS
 579               	.LVL40:
 580               	.L60:
 581               	/* epilogue: frame size=0 */
 582 02e0 DF91      		pop r29
 583 02e2 CF91      		pop r28
 584 02e4 0895      		ret
 585               	/* epilogue end (size=3) */
 586               	/* function PM_SendEraseCommand size 47 (42) */
 587               	.LFE20:
 589               	.global	PM_CreateProgrammingPackets
 591               	PM_CreateProgrammingPackets:
 592               	.LFB21:
 593               	.LM61:
 594               	/* prologue: frame size=0 */
 595 02e6 3F92      		push r3
 596 02e8 4F92      		push r4
 597 02ea 5F92      		push r5
 598 02ec 6F92      		push r6
 599 02ee 7F92      		push r7
 600 02f0 8F92      		push r8
 601 02f2 9F92      		push r9
 602 02f4 AF92      		push r10
 603 02f6 BF92      		push r11
 604 02f8 CF92      		push r12
 605 02fa DF92      		push r13
 606 02fc EF92      		push r14
 607 02fe FF92      		push r15
 608 0300 0F93      		push r16
 609 0302 1F93      		push r17
 610 0304 CF93      		push r28
 611 0306 DF93      		push r29
 612               	/* prologue end (size=17) */
 613               	.LVL41:
 614 0308 182F      		mov r17,r24
 615               	.LM62:
 616 030a 0E94 0000 		call PM_GetStoredDataSize
 617               	.LVL42:
 618 030e 2B01      		movw r4,r22
 619 0310 3C01      		movw r6,r24
 620               	.LVL43:
 621               	.LM63:
 622 0312 1130      		cpi r17,lo8(1)
 623 0314 01F0      		breq .+2
 624 0316 00C0      		rjmp .L66
 625               	.LBB65:
 626               	.LBB66:
 627               	.LM64:
 628 0318 A0E0      		ldi r26,lo8(EEPROMVars+133)
 629 031a B0E0      		ldi r27,hi8(EEPROMVars+133)
 630               	/* #APP */
 631 031c 0E94 0000 		call __eeprom_read_word_1F2021
 632               		
 633               	.LVL44:
 634               	/* #NOAPP */
 635 0320 4F01      		movw r8,r30
 636               	.LVL45:
 637               	.LBE66:
 638               	.LBE65:
 639               	.LM65:
 640 0322 1092 0000 		sts CurrAddress,__zero_reg__
 641 0326 1092 0000 		sts (CurrAddress)+1,__zero_reg__
 642 032a 1092 0000 		sts (CurrAddress)+2,__zero_reg__
 643 032e 1092 0000 		sts (CurrAddress)+3,__zero_reg__
 644               	.LM66:
 645 0332 60E0      		ldi r22,lo8(0)
 646 0334 70E0      		ldi r23,hi8(0)
 647 0336 80E0      		ldi r24,lo8(0)
 648 0338 90E0      		ldi r25,hi8(0)
 649 033a 0E94 0000 		call DF_ContinuousReadEnable
 650               	.LVL46:
 651               	.LM67:
 652 033e 83E1      		ldi r24,lo8(19)
 653 0340 8093 0000 		sts PacketBytes,r24
 654 0344 20E0      		ldi r18,lo8(EEPROMVars+3)
 655 0346 30E0      		ldi r19,hi8(EEPROMVars+3)
 656               	.LVL47:
 657               	.L68:
 658 0348 E0E0      		ldi r30,lo8(PacketBytes)
 659 034a F0E0      		ldi r31,hi8(PacketBytes)
 660               	.L69:
 661               	.LBB67:
 662               	.LM68:
 663 034c 2F5F      		subi r18,lo8(-(1))
 664 034e 3F4F      		sbci r19,hi8(-(1))
 665               	.LBB68:
 666               	.LBB69:
 667               	.LM69:
 668 0350 D901      		movw r26,r18
 669               	.LVL48:
 670               	/* #APP */
 671 0352 0E94 0000 		call __eeprom_read_byte_1F2021
 672 0356 802D      		mov r24,__tmp_reg__
 673               	.LVL49:
 674               	/* #NOAPP */
 675               	.LBE69:
 676               	.LBE68:
 677               	.LM70:
 678 0358 8193      		st Z+,r24
 679               	.LM71:
 680 035a 80E0      		ldi r24,hi8(PacketBytes+9)
 681 035c E030      		cpi r30,lo8(PacketBytes+9)
 682 035e F807      		cpc r31,r24
 683               	.LVL50:
 684 0360 01F4      		brne .L69
 685               	.LBE67:
 686               	.LM72:
 687 0362 8091 0000 		lds r24,PacketBytes+1
 688 0366 9927      		clr r25
 689 0368 D82F      		mov r29,r24
 690 036a CC27      		clr r28
 691               	.LVL51:
 692 036c 8091 0000 		lds r24,PacketBytes+2
 693 0370 9927      		clr r25
 694 0372 C82B      		or r28,r24
 695 0374 D92B      		or r29,r25
 696 0376 AA24      		clr r10
 697 0378 BB24      		clr r11
 698 037a 6501      		movw r12,r10
 699               	.LVL52:
 700 037c 3324      		clr r3
 701               	.LVL53:
 702 037e 00C0      		rjmp .L71
 703               	.L72:
 704               	.LM73:
 705 0380 8091 0000 		lds r24,PacketBytes+3
 706 0384 80FF      		sbrs r24,0
 707 0386 00C0      		rjmp .L73
 708               	.LM74:
 709 0388 91EA      		ldi r25,lo8(161)
 710 038a 8916      		cp r8,r25
 711 038c 9104      		cpc r9,__zero_reg__
 712 038e 00F4      		brsh .L75
 713 0390 00E0      		ldi r16,lo8(PacketBytes)
 714 0392 10E0      		ldi r17,hi8(PacketBytes)
 715 0394 00C0      		rjmp .L77
 716               	.L75:
 717               	.LM75:
 718 0396 3320      		tst r3
 719 0398 01F4      		brne .L78
 720               	.LM76:
 721 039a 8F77      		andi r24,lo8(127)
 722 039c 8093 0000 		sts PacketBytes+3,r24
 723 03a0 C0EA      		ldi r28,lo8(160)
 724 03a2 D0E0      		ldi r29,hi8(160)
 725 03a4 11E0      		ldi r17,lo8(1)
 726 03a6 312E      		mov r3,r17
 727               	.LVL54:
 728 03a8 00C0      		rjmp .L80
 729               	.LVL55:
 730               	.L78:
 731               	.LM77:
 732 03aa E401      		movw r28,r8
 733 03ac C05A      		subi r28,lo8(-(-160))
 734 03ae D040      		sbci r29,hi8(-(-160))
 735               	.LM78:
 736 03b0 8068      		ori r24,lo8(-128)
 737 03b2 8093 0000 		sts PacketBytes+3,r24
 738 03b6 3324      		clr r3
 739               	.L80:
 740 03b8 00E0      		ldi r16,lo8(PacketBytes)
 741 03ba 10E0      		ldi r17,hi8(PacketBytes)
 742 03bc 00C0      		rjmp .L81
 743               	.L82:
 744               	.LBB70:
 745               	.LM79:
 746 03be 80E0      		ldi r24,lo8(0)
 747 03c0 0E94 0000 		call SPI_SPITransmit
 748               	.LVL56:
 749 03c4 F801      		movw r30,r16
 750 03c6 8287      		std Z+10,r24
 751 03c8 0F5F      		subi r16,lo8(-(1))
 752 03ca 1F4F      		sbci r17,hi8(-(1))
 753               	.LVL57:
 754               	.L81:
 755               	.LM80:
 756 03cc CE01      		movw r24,r28
 757 03ce 8050      		subi r24,lo8(-(PacketBytes))
 758 03d0 9040      		sbci r25,hi8(-(PacketBytes))
 759 03d2 0817      		cp r16,r24
 760 03d4 1907      		cpc r17,r25
 761 03d6 01F4      		brne .L82
 762               	.LBE70:
 763               	.LM81:
 764 03d8 8D2F      		mov r24,r29
 765 03da 9927      		clr r25
 766 03dc 8093 0000 		sts PacketBytes+1,r24
 767               	.LM82:
 768 03e0 C093 0000 		sts PacketBytes+2,r28
 769 03e4 00C0      		rjmp .L100
 770               	.L85:
 771               	.LBB71:
 772               	.LM83:
 773 03e6 80E0      		ldi r24,lo8(0)
 774 03e8 0E94 0000 		call SPI_SPITransmit
 775               	.LVL58:
 776 03ec F801      		movw r30,r16
 777 03ee 8287      		std Z+10,r24
 778 03f0 0F5F      		subi r16,lo8(-(1))
 779 03f2 1F4F      		sbci r17,hi8(-(1))
 780               	.LVL59:
 781               	.L77:
 782               	.LM84:
 783 03f4 C401      		movw r24,r8
 784 03f6 8050      		subi r24,lo8(-(PacketBytes))
 785 03f8 9040      		sbci r25,hi8(-(PacketBytes))
 786 03fa 0817      		cp r16,r24
 787 03fc 1907      		cpc r17,r25
 788 03fe 01F4      		brne .L85
 789               	.LBE71:
 790               	.LM85:
 791 0400 892D      		mov r24,r9
 792 0402 9927      		clr r25
 793               	.LVL60:
 794 0404 8093 0000 		sts PacketBytes+1,r24
 795               	.LM86:
 796 0408 8092 0000 		sts PacketBytes+2,r8
 797               	.LM87:
 798 040c 8091 0000 		lds r24,PacketBytes+3
 799 0410 8068      		ori r24,lo8(-128)
 800 0412 8093 0000 		sts PacketBytes+3,r24
 801               	.LM88:
 802 0416 C401      		movw r24,r8
 803 0418 AA27      		clr r26
 804 041a BB27      		clr r27
 805 041c 00C0      		rjmp .L101
 806               	.LVL61:
 807               	.L73:
 808               	.LM89:
 809 041e CE01      		movw r24,r28
 810 0420 AA27      		clr r26
 811 0422 BB27      		clr r27
 812 0424 8A0D      		add r24,r10
 813 0426 9B1D      		adc r25,r11
 814 0428 AC1D      		adc r26,r12
 815 042a BD1D      		adc r27,r13
 816 042c 4816      		cp r4,r24
 817 042e 5906      		cpc r5,r25
 818 0430 6A06      		cpc r6,r26
 819 0432 7B06      		cpc r7,r27
 820 0434 00F4      		brsh .L87
 821               	.LVL62:
 822               	.LVL63:
 823               	.LM90:
 824 0436 E201      		movw r28,r4
 825 0438 CA19      		sub r28,r10
 826 043a DB09      		sbc r29,r11
 827               	.LM91:
 828 043c 8D2F      		mov r24,r29
 829 043e 9927      		clr r25
 830               	.LVL64:
 831 0440 8093 0000 		sts PacketBytes+1,r24
 832               	.LM92:
 833 0444 C093 0000 		sts PacketBytes+2,r28
 834               	.LVL65:
 835               	.L87:
 836 0448 00E0      		ldi r16,lo8(PacketBytes)
 837 044a 10E0      		ldi r17,hi8(PacketBytes)
 838 044c 00C0      		rjmp .L89
 839               	.LVL66:
 840               	.L90:
 841               	.LBB72:
 842               	.LM93:
 843 044e 80E0      		ldi r24,lo8(0)
 844 0450 0E94 0000 		call SPI_SPITransmit
 845               	.LVL67:
 846 0454 F801      		movw r30,r16
 847 0456 8287      		std Z+10,r24
 848 0458 0F5F      		subi r16,lo8(-(1))
 849 045a 1F4F      		sbci r17,hi8(-(1))
 850               	.LVL68:
 851               	.L89:
 852               	.LM94:
 853 045c CE01      		movw r24,r28
 854 045e 8050      		subi r24,lo8(-(PacketBytes))
 855 0460 9040      		sbci r25,hi8(-(PacketBytes))
 856 0462 0817      		cp r16,r24
 857 0464 1907      		cpc r17,r25
 858 0466 01F4      		brne .L90
 859               	.L100:
 860               	.LBE72:
 861               	.LM95:
 862 0468 CE01      		movw r24,r28
 863 046a AA27      		clr r26
 864 046c BB27      		clr r27
 865               	.LVL69:
 866               	.L101:
 867 046e A80E      		add r10,r24
 868 0470 B91E      		adc r11,r25
 869 0472 CA1E      		adc r12,r26
 870 0474 DB1E      		adc r13,r27
 871               	.LM96:
 872 0476 A114      		cp r10,__zero_reg__
 873 0478 B104      		cpc r11,__zero_reg__
 874 047a 01F4      		brne .L92
 875               	.LVL70:
 876 047c E12C      		mov r14,__zero_reg__
 877 047e F12C      		mov r15,__zero_reg__
 878 0480 EFEF      		ldi r30,hlo8(16711680)
 879 0482 0E2F      		mov r16,r30
 880 0484 112D      		mov r17,__zero_reg__
 881 0486 EA20      		and r14,r10
 882 0488 FB20      		and r15,r11
 883 048a 0C21      		and r16,r12
 884 048c 1D21      		and r17,r13
 885 048e E114      		cp r14,__zero_reg__
 886 0490 F104      		cpc r15,__zero_reg__
 887 0492 0105      		cpc r16,__zero_reg__
 888 0494 1105      		cpc r17,__zero_reg__
 889 0496 01F0      		breq .L92
 890               	.LM97:
 891 0498 8DE4      		ldi r24,lo8(77)
 892               	.LVL71:
 893 049a 0E94 0000 		call USI_SPITransmit
 894               	.LVL72:
 895               	.LM98:
 896 049e 80E0      		ldi r24,lo8(0)
 897 04a0 0E94 0000 		call USI_SPITransmit
 898               	.LM99:
 899 04a4 C801      		movw r24,r16
 900 04a6 AA27      		clr r26
 901 04a8 BB27      		clr r27
 902 04aa 0E94 0000 		call USI_SPITransmit
 903               	.LM100:
 904 04ae 80E0      		ldi r24,lo8(0)
 905 04b0 0E94 0000 		call USI_SPITransmit
 906               	.LVL73:
 907               	.L92:
 908               	.LM101:
 909 04b4 0E94 0000 		call ISPCC_ProgramChip
 910               	.LVL74:
 911               	.L71:
 912               	.LM102:
 913 04b8 A414      		cp r10,r4
 914 04ba B504      		cpc r11,r5
 915 04bc C604      		cpc r12,r6
 916 04be D704      		cpc r13,r7
 917 04c0 00F4      		brsh .+2
 918 04c2 00C0      		rjmp .L72
 919 04c4 00C0      		rjmp .L99
 920               	.LVL75:
 921               	.L66:
 922               	.LBB73:
 923               	.LBB74:
 924               	.LM103:
 925 04c6 A0E0      		ldi r26,lo8(EEPROMVars+135)
 926 04c8 B0E0      		ldi r27,hi8(EEPROMVars+135)
 927               	/* #APP */
 928 04ca 0E94 0000 		call __eeprom_read_word_1F2021
 929               		
 930               	.LVL76:
 931               	/* #NOAPP */
 932 04ce 4F01      		movw r8,r30
 933               	.LVL77:
 934               	.LBE74:
 935               	.LBE73:
 936               	.LM104:
 937 04d0 1092 0000 		sts CurrAddress,__zero_reg__
 938 04d4 1092 0000 		sts (CurrAddress)+1,__zero_reg__
 939 04d8 1092 0000 		sts (CurrAddress)+2,__zero_reg__
 940 04dc 1092 0000 		sts (CurrAddress)+3,__zero_reg__
 941               	.LM105:
 942 04e0 60EE      		ldi r22,lo8(224)
 943 04e2 70E0      		ldi r23,hi8(224)
 944 04e4 84EE      		ldi r24,lo8(996)
 945 04e6 93E0      		ldi r25,hi8(996)
 946 04e8 0E94 0000 		call DF_ContinuousReadEnable
 947               	.LVL78:
 948               	.LM106:
 949 04ec 85E1      		ldi r24,lo8(21)
 950 04ee 8093 0000 		sts PacketBytes,r24
 951 04f2 20E0      		ldi r18,lo8(EEPROMVars+13)
 952 04f4 30E0      		ldi r19,hi8(EEPROMVars+13)
 953               	.LVL79:
 954 04f6 00C0      		rjmp .L68
 955               	.LVL80:
 956               	.L99:
 957               	/* epilogue: frame size=0 */
 958 04f8 DF91      		pop r29
 959 04fa CF91      		pop r28
 960 04fc 1F91      		pop r17
 961 04fe 0F91      		pop r16
 962 0500 FF90      		pop r15
 963 0502 EF90      		pop r14
 964 0504 DF90      		pop r13
 965 0506 CF90      		pop r12
 966 0508 BF90      		pop r11
 967 050a AF90      		pop r10
 968 050c 9F90      		pop r9
 969 050e 8F90      		pop r8
 970 0510 7F90      		pop r7
 971 0512 6F90      		pop r6
 972 0514 5F90      		pop r5
 973 0516 4F90      		pop r4
 974 0518 3F90      		pop r3
 975 051a 0895      		ret
 976               	/* epilogue end (size=18) */
 977               	/* function PM_CreateProgrammingPackets size 288 (253) */
 978               	.LFE21:
 980               	.global	PM_ShowStoredItemSizes
 982               	PM_ShowStoredItemSizes:
 983               	.LFB22:
 984               	.LM107:
 985               	/* prologue: frame size=14 */
 986 051c 1F93      		push r17
 987 051e CF93      		push r28
 988 0520 DF93      		push r29
 989 0522 CDB7      		in r28,__SP_L__
 990 0524 DEB7      		in r29,__SP_H__
 991 0526 2E97      		sbiw r28,14
 992 0528 0FB6      		in __tmp_reg__,__SREG__
 993 052a F894      		cli
 994 052c DEBF      		out __SP_H__,r29
 995 052e 0FBE      		out __SREG__,__tmp_reg__
 996 0530 CDBF      		out __SP_L__,r28
 997               	/* prologue end (size=11) */
 998               	.LM108:
 999 0532 81E0      		ldi r24,lo8(1)
 1000 0534 8EBB      		out 62-0x20,r24
 1001 0536 10E0      		ldi r17,lo8(0)
 1002               	.LVL81:
 1003               	.L135:
 1004               	.LM109:
 1005 0538 8EB3      		in r24,62-0x20
 1006 053a 8823      		tst r24
 1007 053c 01F0      		breq .L135
 1008               	.LM110:
 1009 053e F69B      		sbis 62-0x20,6
 1010 0540 00C0      		rjmp .L105
 1011               	.LM111:
 1012 0542 1123      		tst r17
 1013 0544 01F0      		breq .L107
 1014 0546 1150      		subi r17,lo8(-(-1))
 1015 0548 00C0      		rjmp .L109
 1016               	.L105:
 1017               	.LM112:
 1018 054a F79B      		sbis 62-0x20,7
 1019 054c 00C0      		rjmp .L110
 1020               	.LM113:
 1021 054e 1330      		cpi r17,lo8(3)
 1022 0550 01F4      		brne .L112
 1023 0552 10E0      		ldi r17,lo8(0)
 1024 0554 00C0      		rjmp .L114
 1025               	.L112:
 1026 0556 1F5F      		subi r17,lo8(-(1))
 1027 0558 00C0      		rjmp .L109
 1028               	.L110:
 1029               	.LM114:
 1030 055a F299      		sbic 62-0x20,2
 1031 055c 00C0      		rjmp .L126
 1032               	.L109:
 1033               	.LM115:
 1034 055e 1130      		cpi r17,lo8(1)
 1035 0560 01F0      		breq .L117
 1036 0562 1130      		cpi r17,lo8(1)
 1037 0564 00F0      		brlo .L114
 1038 0566 1230      		cpi r17,lo8(2)
 1039 0568 01F0      		breq .L118
 1040 056a 1330      		cpi r17,lo8(3)
 1041 056c 01F4      		brne .L116
 1042 056e 00C0      		rjmp .L119
 1043               	.L114:
 1044               	.LM116:
 1045 0570 60E0      		ldi r22,lo8(__c.2134)
 1046 0572 70E0      		ldi r23,hi8(__c.2134)
 1047 0574 CE01      		movw r24,r28
 1048 0576 0196      		adiw r24,1
 1049 0578 0E94 0000 		call strcpy_P
 1050               	.LM117:
 1051 057c 81E0      		ldi r24,lo8(1)
 1052 057e 00C0      		rjmp .L132
 1053               	.L117:
 1054               	.LM118:
 1055 0580 60E0      		ldi r22,lo8(__c.2138)
 1056 0582 70E0      		ldi r23,hi8(__c.2138)
 1057 0584 CE01      		movw r24,r28
 1058 0586 0196      		adiw r24,1
 1059 0588 0E94 0000 		call strcpy_P
 1060               	.LM119:
 1061 058c 80E0      		ldi r24,lo8(0)
 1062               	.L132:
 1063 058e 0E94 0000 		call PM_GetStoredDataSize
 1064 0592 00C0      		rjmp .L125
 1065               	.L118:
 1066               	.LM120:
 1067 0594 60E0      		ldi r22,lo8(__c.2141)
 1068 0596 70E0      		ldi r23,hi8(__c.2141)
 1069 0598 CE01      		movw r24,r28
 1070 059a 0196      		adiw r24,1
 1071 059c 0E94 0000 		call strcpy_P
 1072               	.LBB83:
 1073               	.LBB84:
 1074               	.LM121:
 1075 05a0 A0E0      		ldi r26,lo8(EEPROMVars+51)
 1076 05a2 B0E0      		ldi r27,hi8(EEPROMVars+51)
 1077 05a4 00C0      		rjmp .L134
 1078               	.L107:
 1079               	.LBE84:
 1080               	.LBE83:
 1081               	.LM122:
 1082 05a6 13E0      		ldi r17,lo8(3)
 1083               	.L119:
 1084               	.LM123:
 1085 05a8 60E0      		ldi r22,lo8(__c.2144)
 1086 05aa 70E0      		ldi r23,hi8(__c.2144)
 1087 05ac CE01      		movw r24,r28
 1088 05ae 0196      		adiw r24,1
 1089 05b0 0E94 0000 		call strcpy_P
 1090               	.LBB85:
 1091               	.LBB86:
 1092               	.LM124:
 1093 05b4 A0E0      		ldi r26,lo8(EEPROMVars+52)
 1094 05b6 B0E0      		ldi r27,hi8(EEPROMVars+52)
 1095               	.L134:
 1096               	/* #APP */
 1097 05b8 0E94 0000 		call __eeprom_read_byte_1F2021
 1098 05bc 802D      		mov r24,__tmp_reg__
 1099               	.LVL82:
 1100               	.LVL83:
 1101               	/* #NOAPP */
 1102               	.LBE86:
 1103               	.LBE85:
 1104               	.LM125:
 1105 05be 8F3F      		cpi r24,lo8(-1)
 1106 05c0 01F4      		brne .L123
 1107 05c2 60E0      		ldi r22,lo8(0)
 1108 05c4 70E0      		ldi r23,hi8(0)
 1109 05c6 80E0      		ldi r24,hlo8(0)
 1110 05c8 90E0      		ldi r25,hhi8(0)
 1111 05ca 00C0      		rjmp .L125
 1112               	.L123:
 1113 05cc 682F      		mov r22,r24
 1114 05ce 7727      		clr r23
 1115 05d0 8827      		clr r24
 1116 05d2 9927      		clr r25
 1117               	.L125:
 1118 05d4 2AE0      		ldi r18,lo8(10)
 1119 05d6 30E0      		ldi r19,hi8(10)
 1120 05d8 AE01      		movw r20,r28
 1121 05da 4A5F      		subi r20,lo8(-(6))
 1122 05dc 5F4F      		sbci r21,hi8(-(6))
 1123 05de 0E94 0000 		call ultoa
 1124               	.LVL84:
 1125               	.L116:
 1126               	.LM126:
 1127 05e2 CE01      		movw r24,r28
 1128 05e4 0196      		adiw r24,1
 1129 05e6 0E94 0000 		call LCD_puts
 1130               	.LM127:
 1131 05ea 0E94 0000 		call MAIN_WaitForJoyRelease
 1132 05ee 00C0      		rjmp .L135
 1133               	.L126:
 1134               	/* epilogue: frame size=14 */
 1135 05f0 2E96      		adiw r28,14
 1136 05f2 0FB6      		in __tmp_reg__,__SREG__
 1137 05f4 F894      		cli
 1138 05f6 DEBF      		out __SP_H__,r29
 1139 05f8 0FBE      		out __SREG__,__tmp_reg__
 1140 05fa CDBF      		out __SP_L__,r28
 1141 05fc DF91      		pop r29
 1142 05fe CF91      		pop r28
 1143 0600 1F91      		pop r17
 1144 0602 0895      		ret
 1145               	/* epilogue end (size=10) */
 1146               	/* function PM_ShowStoredItemSizes size 117 (96) */
 1147               	.LFE22:
 1149               	.global	PM_InterpretAVRISPPacket
 1151               	PM_InterpretAVRISPPacket:
 1152               	.LFB17:
 1153               	.LM128:
 1154               	/* prologue: frame size=0 */
 1155 0604 EF92      		push r14
 1156 0606 FF92      		push r15
 1157 0608 0F93      		push r16
 1158 060a 1F93      		push r17
 1159 060c CF93      		push r28
 1160 060e DF93      		push r29
 1161               	/* prologue end (size=6) */
 1162               	.LM129:
 1163 0610 2091 0000 		lds r18,PacketBytes
 1164 0614 2631      		cpi r18,lo8(22)
 1165 0616 01F4      		brne .+2
 1166 0618 00C0      		rjmp .L142
 1167               	.LM130:
 1168 061a 2731      		cpi r18,lo8(23)
 1169 061c 00F4      		brsh .L147
 1170 061e 2231      		cpi r18,lo8(18)
 1171 0620 01F4      		brne .+2
 1172 0622 00C0      		rjmp .L140
 1173 0624 2331      		cpi r18,lo8(19)
 1174 0626 00F4      		brsh .L148
 1175 0628 2031      		cpi r18,lo8(16)
 1176 062a 01F0      		breq .L138
 1177 062c 2131      		cpi r18,lo8(17)
 1178 062e 01F0      		breq .+2
 1179 0630 00C0      		rjmp .L137
 1180 0632 00C0      		rjmp .L139
 1181               	.L148:
 1182 0634 2431      		cpi r18,lo8(20)
 1183 0636 01F0      		breq .+2
 1184 0638 00C0      		rjmp .L209
 1185 063a 00C0      		rjmp .L142
 1186               	.L147:
 1187 063c 2931      		cpi r18,lo8(25)
 1188 063e 01F4      		brne .+2
 1189 0640 00C0      		rjmp .L143
 1190 0642 2A31      		cpi r18,lo8(26)
 1191 0644 00F4      		brsh .L149
 1192 0646 2731      		cpi r18,lo8(23)
 1193 0648 01F4      		brne .+2
 1194 064a 00C0      		rjmp .L143
 1195 064c 2831      		cpi r18,lo8(24)
 1196 064e 01F0      		breq .+2
 1197 0650 00C0      		rjmp .L137
 1198 0652 00C0      		rjmp .L144
 1199               	.L149:
 1200 0654 2B31      		cpi r18,lo8(27)
 1201 0656 01F0      		breq .L145
 1202 0658 2B31      		cpi r18,lo8(27)
 1203 065a 00F4      		brsh .+2
 1204 065c 00C0      		rjmp .L144
 1205 065e 2C31      		cpi r18,lo8(28)
 1206 0660 01F0      		breq .+2
 1207 0662 00C0      		rjmp .L137
 1208 0664 00C0      		rjmp .L146
 1209               	.L138:
 1210               	.LBB116:
 1211               	.LM131:
 1212 0666 82E0      		ldi r24,lo8(2)
 1213 0668 90E0      		ldi r25,hi8(2)
 1214 066a 9093 0000 		sts (MessageSize)+1,r25
 1215 066e 8093 0000 		sts MessageSize,r24
 1216 0672 E0E0      		ldi r30,lo8(PacketBytes)
 1217 0674 F0E0      		ldi r31,hi8(PacketBytes)
 1218 0676 20E0      		ldi r18,lo8(EEPROMVars+39)
 1219 0678 30E0      		ldi r19,hi8(EEPROMVars+39)
 1220               	.L150:
 1221               	.LBB117:
 1222               	.LBB118:
 1223               	.LBB119:
 1224               	.LM132:
 1225 067a 8191      		ld r24,Z+
 1226 067c D901      		movw r26,r18
 1227               	.LVL85:
 1228               	/* #APP */
 1229 067e 082E      		mov __tmp_reg__,r24
 1230 0680 0E94 0000 		call __eeprom_write_byte_1F2021
 1231               	/* #NOAPP */
 1232 0684 2F5F      		subi r18,lo8(-(1))
 1233 0686 3F4F      		sbci r19,hi8(-(1))
 1234               	.LBE119:
 1235               	.LBE118:
 1236               	.LM133:
 1237 0688 80E0      		ldi r24,hi8(PacketBytes+12)
 1238 068a E030      		cpi r30,lo8(PacketBytes+12)
 1239 068c F807      		cpc r31,r24
 1240 068e 01F4      		brne .L150
 1241               	.LBE117:
 1242               	.LM134:
 1243 0690 81E0      		ldi r24,lo8(1)
 1244 0692 8093 0000 		sts InProgrammingMode,r24
 1245               	.LM135:
 1246 0696 1092 0000 		sts CurrentMode,__zero_reg__
 1247               	.LM136:
 1248 069a 81B3      		in r24,49-0x20
 1249 069c 8F7C      		andi r24,lo8(-49)
 1250 069e 8062      		ori r24,lo8(32)
 1251 06a0 00C0      		rjmp .L216
 1252               	.LVL86:
 1253               	.L139:
 1254               	.LM137:
 1255 06a2 82E0      		ldi r24,lo8(2)
 1256 06a4 90E0      		ldi r25,hi8(2)
 1257 06a6 9093 0000 		sts (MessageSize)+1,r25
 1258 06aa 8093 0000 		sts MessageSize,r24
 1259               	.LM138:
 1260 06ae 0E94 0000 		call PM_CheckEndOfFuseLockData
 1261               	.LM139:
 1262 06b2 1092 0000 		sts InProgrammingMode,__zero_reg__
 1263               	.LM140:
 1264 06b6 80E0      		ldi r24,lo8(0)
 1265 06b8 0E94 0000 		call DF_EnableDataflash
 1266               	.LM141:
 1267 06bc 81B3      		in r24,49-0x20
 1268 06be 8F7C      		andi r24,lo8(-49)
 1269 06c0 8061      		ori r24,lo8(16)
 1270               	.LVL87:
 1271               	.L216:
 1272 06c2 81BB      		out 49-0x20,r24
 1273               	.LVL88:
 1274               	.L218:
 1275               	.LM142:
 1276 06c4 1092 0000 		sts PacketBytes+1,__zero_reg__
 1277 06c8 00C0      		rjmp .L152
 1278               	.LVL89:
 1279               	.L145:
 1280               	.LM143:
 1281 06ca 84E0      		ldi r24,lo8(4)
 1282 06cc 90E0      		ldi r25,hi8(4)
 1283 06ce 9093 0000 		sts (MessageSize)+1,r25
 1284 06d2 8093 0000 		sts MessageSize,r24
 1285               	.LM144:
 1286 06d6 1092 0000 		sts PacketBytes+1,__zero_reg__
 1287               	.LM145:
 1288 06da 81E0      		ldi r24,lo8(1)
 1289 06dc 8093 0000 		sts PacketBytes+2,r24
 1290 06e0 00C0      		rjmp .L217
 1291               	.L140:
 1292               	.LM146:
 1293 06e2 82E0      		ldi r24,lo8(2)
 1294 06e4 90E0      		ldi r25,hi8(2)
 1295 06e6 9093 0000 		sts (MessageSize)+1,r25
 1296 06ea 8093 0000 		sts MessageSize,r24
 1297 06ee E0E0      		ldi r30,lo8(PacketBytes+1)
 1298 06f0 F0E0      		ldi r31,hi8(PacketBytes+1)
 1299 06f2 20E0      		ldi r18,lo8(EEPROMVars+25)
 1300 06f4 30E0      		ldi r19,hi8(EEPROMVars+25)
 1301               	.L153:
 1302               	.LBB120:
 1303               	.LBB121:
 1304               	.LBB122:
 1305               	.LM147:
 1306 06f6 8191      		ld r24,Z+
 1307 06f8 D901      		movw r26,r18
 1308               	.LVL90:
 1309               	/* #APP */
 1310 06fa 082E      		mov __tmp_reg__,r24
 1311 06fc 0E94 0000 		call __eeprom_write_byte_1F2021
 1312               	/* #NOAPP */
 1313 0700 2F5F      		subi r18,lo8(-(1))
 1314 0702 3F4F      		sbci r19,hi8(-(1))
 1315               	.LBE122:
 1316               	.LBE121:
 1317               	.LM148:
 1318 0704 90E0      		ldi r25,hi8(PacketBytes+7)
 1319 0706 E030      		cpi r30,lo8(PacketBytes+7)
 1320 0708 F907      		cpc r31,r25
 1321 070a 01F4      		brne .L153
 1322 070c 20E0      		ldi r18,lo8(EEPROMVars+31)
 1323 070e 30E0      		ldi r19,hi8(EEPROMVars+31)
 1324 0710 80E0      		ldi r24,lo8(0)
 1325               	.L155:
 1326               	.LBE120:
 1327               	.LBB123:
 1328               	.LBB124:
 1329               	.LBB125:
 1330               	.LM149:
 1331 0712 D901      		movw r26,r18
 1332               	.LVL91:
 1333               	/* #APP */
 1334 0714 082E      		mov __tmp_reg__,r24
 1335 0716 0E94 0000 		call __eeprom_write_byte_1F2021
 1336               	/* #NOAPP */
 1337 071a D901      		movw r26,r18
 1338               	.LVL92:
 1339 071c 1496      		adiw r26,4
 1340               	.LBE125:
 1341               	.LBE124:
 1342               	.LBB126:
 1343               	.LBB127:
 1344               	/* #APP */
 1345 071e 082E      		mov __tmp_reg__,r24
 1346 0720 0E94 0000 		call __eeprom_write_byte_1F2021
 1347               	/* #NOAPP */
 1348 0724 2F5F      		subi r18,lo8(-(1))
 1349 0726 3F4F      		sbci r19,hi8(-(1))
 1350               	.LBE127:
 1351               	.LBE126:
 1352               	.LM150:
 1353 0728 E0E0      		ldi r30,hi8(EEPROMVars+35)
 1354 072a 2030      		cpi r18,lo8(EEPROMVars+35)
 1355 072c 3E07      		cpc r19,r30
 1356 072e 01F4      		brne .L155
 1357               	.LBE123:
 1358               	.LBB128:
 1359               	.LBB129:
 1360               	.LM151:
 1361 0730 81E0      		ldi r24,lo8(1)
 1362 0732 2C50      		subi r18,lo8(-(-12))
 1363 0734 3040      		sbci r19,hi8(-(-12))
 1364 0736 D901      		movw r26,r18
 1365               	.LVL93:
 1366               	/* #APP */
 1367 0738 082E      		mov __tmp_reg__,r24
 1368 073a 0E94 0000 		call __eeprom_write_byte_1F2021
 1369               	/* #NOAPP */
 1370 073e 00C0      		rjmp .L218
 1371               	.LVL94:
 1372               	.L146:
 1373               	.LBE129:
 1374               	.LBE128:
 1375               	.LM152:
 1376 0740 84E0      		ldi r24,lo8(4)
 1377 0742 90E0      		ldi r25,hi8(4)
 1378 0744 9093 0000 		sts (MessageSize)+1,r25
 1379 0748 8093 0000 		sts MessageSize,r24
 1380               	.LM153:
 1381 074c 1092 0000 		sts PacketBytes+1,__zero_reg__
 1382               	.LM154:
 1383 0750 1092 0000 		sts PacketBytes+2,__zero_reg__
 1384               	.LVL95:
 1385               	.L217:
 1386               	.LM155:
 1387 0754 1092 0000 		sts PacketBytes+3,__zero_reg__
 1388 0758 00C0      		rjmp .L152
 1389               	.LVL96:
 1390               	.L143:
 1391               	.LM156:
 1392 075a 83E0      		ldi r24,lo8(3)
 1393 075c 90E0      		ldi r25,hi8(3)
 1394 075e 9093 0000 		sts (MessageSize)+1,r25
 1395 0762 8093 0000 		sts MessageSize,r24
 1396               	.LM157:
 1397 0766 8091 0000 		lds r24,CurrentMode
 1398 076a 8330      		cpi r24,lo8(3)
 1399 076c 01F0      		breq .L157
 1400               	.LM158:
 1401 076e 83E0      		ldi r24,lo8(3)
 1402 0770 8093 0000 		sts CurrentMode,r24
 1403               	.LM159:
 1404 0774 1092 0000 		sts (DataflashInfo+8)+1,__zero_reg__
 1405 0778 1092 0000 		sts DataflashInfo+8,__zero_reg__
 1406               	.L157:
 1407 077c 8091 0000 		lds r24,DataflashInfo+8
 1408 0780 9091 0000 		lds r25,(DataflashInfo+8)+1
 1409               	.LM160:
 1410 0784 2731      		cpi r18,lo8(23)
 1411 0786 01F4      		brne .L159
 1412               	.LM161:
 1413 0788 9C01      		movw r18,r24
 1414               	.LVL97:
 1415 078a 220F      		lsl r18
 1416 078c 331F      		rol r19
 1417 078e 220F      		lsl r18
 1418 0790 331F      		rol r19
 1419 0792 2050      		subi r18,lo8(-(EEPROMVars+53))
 1420 0794 3040      		sbci r19,hi8(-(EEPROMVars+53))
 1421               	.LM162:
 1422 0796 82E0      		ldi r24,lo8(2)
 1423 0798 00C0      		rjmp .L214
 1424               	.LVL98:
 1425               	.L159:
 1426               	.LM163:
 1427 079a 9C01      		movw r18,r24
 1428               	.LVL99:
 1429 079c 220F      		lsl r18
 1430 079e 331F      		rol r19
 1431 07a0 220F      		lsl r18
 1432 07a2 331F      		rol r19
 1433 07a4 2050      		subi r18,lo8(-(EEPROMVars+93))
 1434 07a6 3040      		sbci r19,hi8(-(EEPROMVars+93))
 1435               	.LM164:
 1436 07a8 83E0      		ldi r24,lo8(3)
 1437               	.L214:
 1438 07aa 8093 0000 		sts MemoryType,r24
 1439               	.LM165:
 1440 07ae 8091 0000 		lds r24,DataflashInfo+8
 1441 07b2 9091 0000 		lds r25,(DataflashInfo+8)+1
 1442 07b6 0A97      		sbiw r24,10
 1443 07b8 00F4      		brsh .L162
 1444 07ba E0E0      		ldi r30,lo8(PacketBytes+1)
 1445 07bc F0E0      		ldi r31,hi8(PacketBytes+1)
 1446               	.L164:
 1447               	.LBB130:
 1448               	.LBB131:
 1449               	.LBB132:
 1450               	.LM166:
 1451 07be 8191      		ld r24,Z+
 1452 07c0 D901      		movw r26,r18
 1453               	.LVL100:
 1454               	/* #APP */
 1455 07c2 082E      		mov __tmp_reg__,r24
 1456 07c4 0E94 0000 		call __eeprom_write_byte_1F2021
 1457               	/* #NOAPP */
 1458               	.LBE132:
 1459               	.LBE131:
 1460               	.LM167:
 1461 07c8 2F5F      		subi r18,lo8(-(1))
 1462 07ca 3F4F      		sbci r19,hi8(-(1))
 1463               	.LM168:
 1464 07cc 80E0      		ldi r24,hi8(PacketBytes+5)
 1465 07ce E030      		cpi r30,lo8(PacketBytes+5)
 1466 07d0 F807      		cpc r31,r24
 1467 07d2 01F4      		brne .L164
 1468               	.LBE130:
 1469               	.LM169:
 1470 07d4 8091 0000 		lds r24,DataflashInfo+8
 1471 07d8 9091 0000 		lds r25,(DataflashInfo+8)+1
 1472 07dc 0196      		adiw r24,1
 1473 07de 9093 0000 		sts (DataflashInfo+8)+1,r25
 1474 07e2 8093 0000 		sts DataflashInfo+8,r24
 1475               	.L162:
 1476               	.LM170:
 1477 07e6 1092 0000 		sts PacketBytes+1,__zero_reg__
 1478               	.LM171:
 1479 07ea 1092 0000 		sts PacketBytes+2,__zero_reg__
 1480 07ee 00C0      		rjmp .L152
 1481               	.LVL101:
 1482               	.L144:
 1483               	.LM172:
 1484 07f0 84E0      		ldi r24,lo8(4)
 1485 07f2 90E0      		ldi r25,hi8(4)
 1486 07f4 9093 0000 		sts (MessageSize)+1,r25
 1487 07f8 8093 0000 		sts MessageSize,r24
 1488               	.LM173:
 1489 07fc 8091 0000 		lds r24,CurrentMode
 1490 0800 8430      		cpi r24,lo8(4)
 1491 0802 01F0      		breq .L166
 1492               	.LM174:
 1493 0804 0E94 0000 		call PM_CheckEndOfFuseLockData
 1494               	.LM175:
 1495 0808 1092 0000 		sts (DataflashInfo+8)+1,__zero_reg__
 1496 080c 1092 0000 		sts DataflashInfo+8,__zero_reg__
 1497               	.LM176:
 1498 0810 84E0      		ldi r24,lo8(4)
 1499 0812 8093 0000 		sts CurrentMode,r24
 1500               	.L166:
 1501               	.LM177:
 1502 0816 4091 0000 		lds r20,DataflashInfo+8
 1503 081a 5091 0000 		lds r21,(DataflashInfo+8)+1
 1504 081e 6091 0000 		lds r22,PacketBytes
 1505 0822 6831      		cpi r22,lo8(24)
 1506 0824 01F0      		breq .L168
 1507 0826 A0E0      		ldi r26,lo8(EEPROMVars+52)
 1508 0828 B0E0      		ldi r27,hi8(EEPROMVars+52)
 1509 082a 00C0      		rjmp .L170
 1510               	.L168:
 1511 082c A0E0      		ldi r26,lo8(EEPROMVars+51)
 1512 082e B0E0      		ldi r27,hi8(EEPROMVars+51)
 1513               	.L170:
 1514               	.LBB133:
 1515               	.LBB134:
 1516               	.LM178:
 1517               	/* #APP */
 1518 0830 0E94 0000 		call __eeprom_read_byte_1F2021
 1519 0834 802D      		mov r24,__tmp_reg__
 1520               	.LVL102:
 1521               	/* #NOAPP */
 1522               	.LBE134:
 1523               	.LBE133:
 1524               	.LM179:
 1525 0836 9927      		clr r25
 1526 0838 8417      		cp r24,r20
 1527 083a 9507      		cpc r25,r21
 1528 083c 00F4      		brsh .L171
 1529               	.LM180:
 1530 083e 8FEF      		ldi r24,lo8(-1)
 1531               	.LVL103:
 1532 0840 00C0      		rjmp .L215
 1533               	.LVL104:
 1534               	.L171:
 1535               	.LBB135:
 1536               	.LM181:
 1537 0842 8091 0000 		lds r24,PacketBytes+1
 1538               	.LVL105:
 1539 0846 8150      		subi r24,lo8(-(-1))
 1540 0848 242F      		mov r18,r20
 1541 084a 3327      		clr r19
 1542               	.LVL106:
 1543 084c 9927      		clr r25
 1544               	.LVL107:
 1545               	.LM182:
 1546 084e 6831      		cpi r22,lo8(24)
 1547 0850 01F4      		brne .L174
 1548 0852 D901      		movw r26,r18
 1549               	.LVL108:
 1550 0854 AA0F      		lsl r26
 1551 0856 BB1F      		rol r27
 1552 0858 AA0F      		lsl r26
 1553 085a BB1F      		rol r27
 1554 085c A80F      		add r26,r24
 1555 085e B91F      		adc r27,r25
 1556 0860 A050      		subi r26,lo8(-(EEPROMVars+53))
 1557 0862 B040      		sbci r27,hi8(-(EEPROMVars+53))
 1558 0864 00C0      		rjmp .L176
 1559               	.LVL109:
 1560               	.L174:
 1561 0866 D901      		movw r26,r18
 1562               	.LVL110:
 1563 0868 AA0F      		lsl r26
 1564 086a BB1F      		rol r27
 1565 086c AA0F      		lsl r26
 1566 086e BB1F      		rol r27
 1567 0870 A80F      		add r26,r24
 1568 0872 B91F      		adc r27,r25
 1569 0874 A050      		subi r26,lo8(-(EEPROMVars+93))
 1570 0876 B040      		sbci r27,hi8(-(EEPROMVars+93))
 1571               	.L176:
 1572               	.LBB136:
 1573               	.LBB137:
 1574               	.LM183:
 1575               	/* #APP */
 1576 0878 0E94 0000 		call __eeprom_read_byte_1F2021
 1577 087c 802D      		mov r24,__tmp_reg__
 1578               	.LVL111:
 1579               	/* #NOAPP */
 1580               	.L215:
 1581               	.LBE137:
 1582               	.LBE136:
 1583               	.LM184:
 1584 087e 8093 0000 		sts PacketBytes+2,r24
 1585               	.LBE135:
 1586               	.LM185:
 1587 0882 4F5F      		subi r20,lo8(-(1))
 1588 0884 5F4F      		sbci r21,hi8(-(1))
 1589 0886 5093 0000 		sts (DataflashInfo+8)+1,r21
 1590 088a 4093 0000 		sts DataflashInfo+8,r20
 1591               	.LM186:
 1592 088e 1092 0000 		sts PacketBytes+1,__zero_reg__
 1593 0892 00C0      		rjmp .L217
 1594               	.LVL112:
 1595               	.L209:
 1596               	.LM187:
 1597 0894 82E0      		ldi r24,lo8(2)
 1598 0896 90E0      		ldi r25,hi8(2)
 1599 0898 9093 0000 		sts (MessageSize)+1,r25
 1600 089c 8093 0000 		sts MessageSize,r24
 1601               	.LM188:
 1602 08a0 8091 0000 		lds r24,CurrentMode
 1603 08a4 8130      		cpi r24,lo8(1)
 1604 08a6 01F0      		breq .L177
 1605               	.LM189:
 1606 08a8 2331      		cpi r18,lo8(19)
 1607 08aa 01F4      		brne .L179
 1608               	.LM190:
 1609 08ac 81E0      		ldi r24,lo8(1)
 1610 08ae 0E94 0000 		call PM_SetupDFAddressCounters
 1611 08b2 C0E0      		ldi r28,lo8(EEPROMVars+3)
 1612 08b4 D0E0      		ldi r29,hi8(EEPROMVars+3)
 1613               	.LVL113:
 1614 08b6 00C0      		rjmp .L181
 1615               	.LVL114:
 1616               	.L179:
 1617               	.LM191:
 1618 08b8 80E0      		ldi r24,lo8(0)
 1619 08ba 0E94 0000 		call PM_SetupDFAddressCounters
 1620 08be C0E0      		ldi r28,lo8(EEPROMVars+13)
 1621 08c0 D0E0      		ldi r29,hi8(EEPROMVars+13)
 1622               	.LVL115:
 1623               	.L181:
 1624               	.LM192:
 1625 08c2 8091 0000 		lds r24,DataflashInfo+8
 1626 08c6 9091 0000 		lds r25,(DataflashInfo+8)+1
 1627 08ca 0E94 0000 		call DF_BufferWriteEnable
 1628               	.LM193:
 1629 08ce 81E0      		ldi r24,lo8(1)
 1630 08d0 8093 0000 		sts CurrentMode,r24
 1631 08d4 E0E0      		ldi r30,lo8(PacketBytes+1)
 1632 08d6 F0E0      		ldi r31,hi8(PacketBytes+1)
 1633               	.L182:
 1634               	.LBB138:
 1635               	.LBB139:
 1636               	.LBB140:
 1637               	.LM194:
 1638 08d8 8191      		ld r24,Z+
 1639 08da DE01      		movw r26,r28
 1640               	.LVL116:
 1641               	/* #APP */
 1642 08dc 082E      		mov __tmp_reg__,r24
 1643 08de 0E94 0000 		call __eeprom_write_byte_1F2021
 1644               	/* #NOAPP */
 1645               	.LBE140:
 1646               	.LBE139:
 1647               	.LM195:
 1648 08e2 2196      		adiw r28,1
 1649               	.LM196:
 1650 08e4 90E0      		ldi r25,hi8(PacketBytes+10)
 1651 08e6 E030      		cpi r30,lo8(PacketBytes+10)
 1652 08e8 F907      		cpc r31,r25
 1653 08ea 01F4      		brne .L182
 1654               	.L177:
 1655               	.LBE138:
 1656               	.LM197:
 1657 08ec 8091 0000 		lds r24,PacketBytes+1
 1658 08f0 9927      		clr r25
 1659 08f2 D82F      		mov r29,r24
 1660 08f4 CC27      		clr r28
 1661               	.LVL117:
 1662 08f6 8091 0000 		lds r24,PacketBytes+2
 1663 08fa 9927      		clr r25
 1664 08fc C82B      		or r28,r24
 1665 08fe D92B      		or r29,r25
 1666 0900 00E0      		ldi r16,lo8(PacketBytes)
 1667 0902 10E0      		ldi r17,hi8(PacketBytes)
 1668 0904 00C0      		rjmp .L183
 1669               	.L184:
 1670               	.LBB141:
 1671               	.LM198:
 1672 0906 F801      		movw r30,r16
 1673 0908 8285      		ldd r24,Z+10
 1674 090a 0E94 0000 		call PM_StoreProgramByte
 1675               	.LVL118:
 1676 090e 0F5F      		subi r16,lo8(-(1))
 1677 0910 1F4F      		sbci r17,hi8(-(1))
 1678               	.LVL119:
 1679               	.L183:
 1680               	.LM199:
 1681 0912 CE01      		movw r24,r28
 1682 0914 8050      		subi r24,lo8(-(PacketBytes))
 1683 0916 9040      		sbci r25,hi8(-(PacketBytes))
 1684 0918 0817      		cp r16,r24
 1685 091a 1907      		cpc r17,r25
 1686 091c 01F4      		brne .L184
 1687               	.LBE141:
 1688               	.LM200:
 1689 091e 2091 0000 		lds r18,GPageLength
 1690 0922 3091 0000 		lds r19,(GPageLength)+1
 1691 0926 37FD      		sbrc r19,7
 1692 0928 00C0      		rjmp .L218
 1693 092a 8091 0000 		lds r24,PacketBytes+3
 1694 092e 87FF      		sbrs r24,7
 1695 0930 00C0      		rjmp .L218
 1696 0932 2115      		cp r18,__zero_reg__
 1697 0934 3105      		cpc r19,__zero_reg__
 1698 0936 01F4      		brne .+2
 1699 0938 00C0      		rjmp .L218
 1700               	.LM201:
 1701 093a 8091 0000 		lds r24,MemoryType
 1702 093e 8130      		cpi r24,lo8(1)
 1703 0940 01F4      		brne .L190
 1704 0942 A0E0      		ldi r26,lo8(EEPROMVars+133)
 1705 0944 B0E0      		ldi r27,hi8(EEPROMVars+133)
 1706               	.LVL120:
 1707 0946 00C0      		rjmp .L192
 1708               	.LVL121:
 1709               	.L190:
 1710 0948 A0E0      		ldi r26,lo8(EEPROMVars+135)
 1711 094a B0E0      		ldi r27,hi8(EEPROMVars+135)
 1712               	.LVL122:
 1713               	.L192:
 1714               	.LBB142:
 1715               	.LBB143:
 1716               	.LM202:
 1717               	/* #APP */
 1718 094c 0901      		movw __tmp_reg__,r18
 1719 094e 0E94 0000 		call __eeprom_write_word_1F2021
 1720               		
 1721               	/* #NOAPP */
 1722               	.LBE143:
 1723               	.LBE142:
 1724               	.LM203:
 1725 0952 8091 0000 		lds r24,GPageLength
 1726 0956 9091 0000 		lds r25,(GPageLength)+1
 1727 095a 9068      		ori r25,hi8(-32768)
 1728 095c 9093 0000 		sts (GPageLength)+1,r25
 1729 0960 8093 0000 		sts GPageLength,r24
 1730 0964 00C0      		rjmp .L218
 1731               	.LVL123:
 1732               	.L142:
 1733               	.LM204:
 1734 0966 8091 0000 		lds r24,CurrentMode
 1735 096a 8230      		cpi r24,lo8(2)
 1736 096c 01F0      		breq .L193
 1737               	.LM205:
 1738 096e 0E94 0000 		call PM_CheckEndOfFuseLockData
 1739               	.LM206:
 1740 0972 90E0      		ldi r25,lo8(0)
 1741 0974 8091 0000 		lds r24,PacketBytes
 1742 0978 8431      		cpi r24,lo8(20)
 1743 097a 01F4      		brne .L195
 1744 097c 91E0      		ldi r25,lo8(1)
 1745               	.L195:
 1746 097e 892F      		mov r24,r25
 1747 0980 0E94 0000 		call PM_SetupDFAddressCounters
 1748               	.LM207:
 1749 0984 6091 0000 		lds r22,DataflashInfo+8
 1750 0988 7091 0000 		lds r23,(DataflashInfo+8)+1
 1751 098c 8091 0000 		lds r24,DataflashInfo+6
 1752 0990 9091 0000 		lds r25,(DataflashInfo+6)+1
 1753 0994 0E94 0000 		call DF_ContinuousReadEnable
 1754               	.LM208:
 1755 0998 82E0      		ldi r24,lo8(2)
 1756 099a 8093 0000 		sts CurrentMode,r24
 1757               	.LM209:
 1758 099e 1092 0000 		sts CurrAddress,__zero_reg__
 1759 09a2 1092 0000 		sts (CurrAddress)+1,__zero_reg__
 1760 09a6 1092 0000 		sts (CurrAddress)+2,__zero_reg__
 1761 09aa 1092 0000 		sts (CurrAddress)+3,__zero_reg__
 1762               	.L193:
 1763               	.LM210:
 1764 09ae 8091 0000 		lds r24,PacketBytes+1
 1765 09b2 9927      		clr r25
 1766 09b4 D82F      		mov r29,r24
 1767 09b6 CC27      		clr r28
 1768               	.LVL124:
 1769 09b8 8091 0000 		lds r24,PacketBytes+2
 1770 09bc 9927      		clr r25
 1771 09be C82B      		or r28,r24
 1772 09c0 D92B      		or r29,r25
 1773               	.LM211:
 1774 09c2 90E0      		ldi r25,lo8(0)
 1775 09c4 8091 0000 		lds r24,PacketBytes
 1776 09c8 8431      		cpi r24,lo8(20)
 1777 09ca 01F4      		brne .L196
 1778 09cc 91E0      		ldi r25,lo8(1)
 1779               	.L196:
 1780 09ce 892F      		mov r24,r25
 1781 09d0 0E94 0000 		call PM_GetStoredDataSize
 1782 09d4 7B01      		movw r14,r22
 1783               	.LVL125:
 1784 09d6 00E0      		ldi r16,lo8(PacketBytes)
 1785 09d8 10E0      		ldi r17,hi8(PacketBytes)
 1786 09da 00C0      		rjmp .L197
 1787               	.L198:
 1788               	.LBB144:
 1789               	.LM212:
 1790 09dc 9701      		movw r18,r14
 1791 09de 4427      		clr r20
 1792 09e0 5527      		clr r21
 1793 09e2 8091 0000 		lds r24,CurrAddress
 1794 09e6 9091 0000 		lds r25,(CurrAddress)+1
 1795 09ea A091 0000 		lds r26,(CurrAddress)+2
 1796 09ee B091 0000 		lds r27,(CurrAddress)+3
 1797 09f2 8217      		cp r24,r18
 1798 09f4 9307      		cpc r25,r19
 1799 09f6 A407      		cpc r26,r20
 1800 09f8 B507      		cpc r27,r21
 1801 09fa 00F0      		brlo .L199
 1802               	.LVL126:
 1803 09fc 8FEF      		ldi r24,lo8(-1)
 1804 09fe 00C0      		rjmp .L201
 1805               	.L199:
 1806 0a00 80E0      		ldi r24,lo8(0)
 1807 0a02 0E94 0000 		call SPI_SPITransmit
 1808               	.LVL127:
 1809               	.L201:
 1810 0a06 F801      		movw r30,r16
 1811 0a08 8283      		std Z+2,r24
 1812               	.LM213:
 1813 0a0a 0E94 0000 		call V2P_IncrementCurrAddress
 1814 0a0e 0F5F      		subi r16,lo8(-(1))
 1815 0a10 1F4F      		sbci r17,hi8(-(1))
 1816               	.L197:
 1817               	.LM214:
 1818 0a12 CE01      		movw r24,r28
 1819 0a14 8050      		subi r24,lo8(-(PacketBytes))
 1820 0a16 9040      		sbci r25,hi8(-(PacketBytes))
 1821 0a18 0817      		cp r16,r24
 1822 0a1a 1907      		cpc r17,r25
 1823 0a1c 01F4      		brne .L198
 1824               	.LBE144:
 1825               	.LM215:
 1826 0a1e 2396      		adiw r28,3
 1827 0a20 D093 0000 		sts (MessageSize)+1,r29
 1828 0a24 C093 0000 		sts MessageSize,r28
 1829               	.LM216:
 1830 0a28 1092 0000 		sts PacketBytes+1,__zero_reg__
 1831               	.LM217:
 1832 0a2c F801      		movw r30,r16
 1833 0a2e 1282      		std Z+2,__zero_reg__
 1834 0a30 00C0      		rjmp .L152
 1835               	.LVL128:
 1836               	.L137:
 1837               	.LM218:
 1838 0a32 81E0      		ldi r24,lo8(1)
 1839 0a34 90E0      		ldi r25,hi8(1)
 1840 0a36 9093 0000 		sts (MessageSize)+1,r25
 1841 0a3a 8093 0000 		sts MessageSize,r24
 1842               	.LM219:
 1843 0a3e 89EC      		ldi r24,lo8(-55)
 1844 0a40 8093 0000 		sts PacketBytes+1,r24
 1845               	.LVL129:
 1846               	.L152:
 1847               	.LBE116:
 1848               	.LM220:
 1849 0a44 0E94 0000 		call V2P_SendPacket
 1850               	.LVL130:
 1851               	/* epilogue: frame size=0 */
 1852 0a48 DF91      		pop r29
 1853 0a4a CF91      		pop r28
 1854 0a4c 1F91      		pop r17
 1855 0a4e 0F91      		pop r16
 1856 0a50 FF90      		pop r15
 1857 0a52 EF90      		pop r14
 1858 0a54 0895      		ret
 1859               	/* epilogue end (size=7) */
 1860               	/* function PM_InterpretAVRISPPacket size 566 (553) */
 1861               	.LFE17:
 1863               	.global	MemoryType
 1864               		.data
 1867               	MemoryType:
 1868 0000 01        		.byte	1
 1869               	.global	CurrentMode
 1870               	.global	CurrentMode
 1871               		.section .bss
 1874               	CurrentMode:
 1875 0000 00        		.skip 1,0
 1876               	.global	GPageLength
 1877               	.global	GPageLength
 1880               	GPageLength:
 1881 0001 0000      		.skip 2,0
 1882               		.section	.progmem.data,"a",@progbits
 1885               	__c.2144:
 1886 0000 4C4F 434B 		.string	"LOCK-"
 1886      2D00 
 1889               	__c.2141:
 1890 0006 4655 5345 		.string	"FUSE-"
 1890      2D00 
 1893               	__c.2138:
 1894 000c 4550 524D 		.string	"EPRM-"
 1894      2D00 
 1897               	__c.2134:
 1898 0012 4441 5441 		.string	"DATA-"
 1898      2D00 
 1977               	.Letext0:
DEFINED SYMBOLS
                            *ABS*:00000000 ProgramManager.c
C:\DOCUME~1\Dean\LOCALS~1\Temp/ccYvaaaa.s:3      *ABS*:0000003f __SREG__
C:\DOCUME~1\Dean\LOCALS~1\Temp/ccYvaaaa.s:4      *ABS*:0000003e __SP_H__
C:\DOCUME~1\Dean\LOCALS~1\Temp/ccYvaaaa.s:5      *ABS*:0000003d __SP_L__
C:\DOCUME~1\Dean\LOCALS~1\Temp/ccYvaaaa.s:6      *ABS*:00000000 __tmp_reg__
C:\DOCUME~1\Dean\LOCALS~1\Temp/ccYvaaaa.s:7      *ABS*:00000001 __zero_reg__
C:\DOCUME~1\Dean\LOCALS~1\Temp/ccYvaaaa.s:20     .text:00000000 PM_SetupDFAddressCounters
C:\DOCUME~1\Dean\LOCALS~1\Temp/ccYvaaaa.s:1867   .data:00000000 MemoryType
C:\DOCUME~1\Dean\LOCALS~1\Temp/ccYvaaaa.s:1880   .bss:00000001 GPageLength
C:\DOCUME~1\Dean\LOCALS~1\Temp/ccYvaaaa.s:95     .text:00000076 PM_CheckEndOfFuseLockData
C:\DOCUME~1\Dean\LOCALS~1\Temp/ccYvaaaa.s:1874   .bss:00000000 CurrentMode
C:\DOCUME~1\Dean\LOCALS~1\Temp/ccYvaaaa.s:244    .text:0000014a PM_GetStoredDataSize
C:\DOCUME~1\Dean\LOCALS~1\Temp/ccYvaaaa.s:322    .text:000001aa PM_StoreProgramByte
C:\DOCUME~1\Dean\LOCALS~1\Temp/ccYvaaaa.s:377    .text:00000212 PM_SendFuseLockBytes
C:\DOCUME~1\Dean\LOCALS~1\Temp/ccYvaaaa.s:498    .text:0000028e PM_SendEraseCommand
C:\DOCUME~1\Dean\LOCALS~1\Temp/ccYvaaaa.s:591    .text:000002e6 PM_CreateProgrammingPackets
C:\DOCUME~1\Dean\LOCALS~1\Temp/ccYvaaaa.s:982    .text:0000051c PM_ShowStoredItemSizes
C:\DOCUME~1\Dean\LOCALS~1\Temp/ccYvaaaa.s:1897   .progmem.data:00000012 __c.2134
C:\DOCUME~1\Dean\LOCALS~1\Temp/ccYvaaaa.s:1893   .progmem.data:0000000c __c.2138
C:\DOCUME~1\Dean\LOCALS~1\Temp/ccYvaaaa.s:1889   .progmem.data:00000006 __c.2141
C:\DOCUME~1\Dean\LOCALS~1\Temp/ccYvaaaa.s:1885   .progmem.data:00000000 __c.2144
C:\DOCUME~1\Dean\LOCALS~1\Temp/ccYvaaaa.s:1151   .text:00000604 PM_InterpretAVRISPPacket

UNDEFINED SYMBOLS
__do_copy_data
__do_clear_bss
CurrAddress
DataflashInfo
DF_CopyBufferToFlashPage
EEPROMVars
__eeprom_write_block_1F2021
__eeprom_write_byte_1F2021
__eeprom_read_block_1F2021
DF_BufferWriteEnable
SPI_SPITransmit
__eeprom_read_byte_1F2021
USI_SPITransmit
MAIN_Delay10MS
USI_SPITransmitWord
MAIN_Delay1MS
__eeprom_read_word_1F2021
DF_ContinuousReadEnable
PacketBytes
ISPCC_ProgramChip
strcpy_P
ultoa
LCD_puts
MAIN_WaitForJoyRelease
MessageSize
InProgrammingMode
DF_EnableDataflash
__eeprom_write_word_1F2021
V2P_IncrementCurrAddress
V2P_SendPacket
