   1               		.file	"ProgDataflash.c"
   2               		.arch atmega169
   3               	__SREG__ = 0x3f
   4               	__SP_H__ = 0x3e
   5               	__SP_L__ = 0x3d
   6               	__tmp_reg__ = 0
   7               	__zero_reg__ = 1
   8               		.global __do_copy_data
   9               		.global __do_clear_bss
  17               	.Ltext0:
  18               	.global	DataFlashProgMode
  19               		.section	.progmem.data,"a",@progbits
  22               	DataFlashProgMode:
  23 0000 2A44 4154 		.string	"*DATAFLASH MODE*"
  23      4146 4C41 
  23      5348 204D 
  23      4F44 452A 
  23      00
  24               		.text
  25               	.global	PD_SetupDFAddressCounters
  27               	PD_SetupDFAddressCounters:
  28               	.LFB9:
  29               	.LM1:
  30               	/* prologue: frame size=0 */
  31               	/* prologue end (size=0) */
  32               	.LM2:
  33 0000 2091 0000 		lds r18,CurrAddress
  34 0004 3091 0000 		lds r19,(CurrAddress)+1
  35 0008 4091 0000 		lds r20,(CurrAddress)+2
  36 000c 5091 0000 		lds r21,(CurrAddress)+3
  37               	.LM3:
  38 0010 1092 0000 		sts (CurrPageAddress)+1,__zero_reg__
  39 0014 1092 0000 		sts CurrPageAddress,__zero_reg__
  40               	.LM4:
  41 0018 8091 0000 		lds r24,DataflashInfo+1
  42 001c 9091 0000 		lds r25,(DataflashInfo+1)+1
  43 0020 AA27      		clr r26
  44 0022 BB27      		clr r27
  45 0024 8217      		cp r24,r18
  46 0026 9307      		cpc r25,r19
  47 0028 A407      		cpc r26,r20
  48 002a B507      		cpc r27,r21
  49 002c 88F4      		brsh .L6
  50 002e 60E0      		ldi r22,lo8(0)
  51 0030 70E0      		ldi r23,hi8(0)
  52               	.L4:
  53               	.LM5:
  54 0032 281B      		sub r18,r24
  55 0034 390B      		sbc r19,r25
  56 0036 4A0B      		sbc r20,r26
  57 0038 5B0B      		sbc r21,r27
  58               	.LM6:
  59 003a 6F5F      		subi r22,lo8(-(1))
  60 003c 7F4F      		sbci r23,hi8(-(1))
  61 003e 8217      		cp r24,r18
  62 0040 9307      		cpc r25,r19
  63 0042 A407      		cpc r26,r20
  64 0044 B507      		cpc r27,r21
  65 0046 A8F3      		brlo .L4
  66 0048 7093 0000 		sts (CurrPageAddress)+1,r23
  67 004c 6093 0000 		sts CurrPageAddress,r22
  68               	.L6:
  69               	.LM7:
  70 0050 3093 0000 		sts (CurrBuffByte)+1,r19
  71 0054 2093 0000 		sts CurrBuffByte,r18
  72               	/* epilogue: frame size=0 */
  73 0058 0895      		ret
  74               	/* epilogue end (size=1) */
  75               	/* function PD_SetupDFAddressCounters size 45 (44) */
  76               	.LFE9:
  78               	.global	PD_StoreDataflashByte
  80               	PD_StoreDataflashByte:
  81               	.LFB10:
  82               	.LM8:
  83               	/* prologue: frame size=0 */
  84 005a CF93      		push r28
  85               	/* prologue end (size=1) */
  86 005c C82F      		mov r28,r24
  87               	.LM9:
  88 005e 2091 0000 		lds r18,CurrBuffByte
  89 0062 3091 0000 		lds r19,(CurrBuffByte)+1
  90 0066 8091 0000 		lds r24,DataflashInfo+1
  91 006a 9091 0000 		lds r25,(DataflashInfo+1)+1
  92 006e 2817      		cp r18,r24
  93 0070 3907      		cpc r19,r25
  94 0072 A9F4      		brne .L9
  95               	.LM10:
  96 0074 8091 0000 		lds r24,CurrPageAddress
  97 0078 9091 0000 		lds r25,(CurrPageAddress)+1
  98 007c 9C01      		movw r18,r24
  99 007e 0196      		adiw r24,1
 100 0080 9093 0000 		sts (CurrPageAddress)+1,r25
 101 0084 8093 0000 		sts CurrPageAddress,r24
 102 0088 C901      		movw r24,r18
 103 008a 0E94 0000 		call DF_CopyBufferToFlashPage
 104               	.LM11:
 105 008e 80E0      		ldi r24,lo8(0)
 106 0090 90E0      		ldi r25,hi8(0)
 107 0092 0E94 0000 		call DF_BufferWriteEnable
 108               	.LM12:
 109 0096 1092 0000 		sts (CurrBuffByte)+1,__zero_reg__
 110 009a 1092 0000 		sts CurrBuffByte,__zero_reg__
 111               	.L9:
 112               	.LM13:
 113 009e 8C2F      		mov r24,r28
 114 00a0 0E94 0000 		call USI_SPITransmit
 115               	.LM14:
 116 00a4 8091 0000 		lds r24,CurrBuffByte
 117 00a8 9091 0000 		lds r25,(CurrBuffByte)+1
 118 00ac 0196      		adiw r24,1
 119 00ae 9093 0000 		sts (CurrBuffByte)+1,r25
 120 00b2 8093 0000 		sts CurrBuffByte,r24
 121               	/* epilogue: frame size=0 */
 122 00b6 CF91      		pop r28
 123 00b8 0895      		ret
 124               	/* epilogue end (size=2) */
 125               	/* function PD_StoreDataflashByte size 48 (45) */
 126               	.LFE10:
 128               	.global	PD_InterpretAVRISPPacket
 130               	PD_InterpretAVRISPPacket:
 131               	.LFB8:
 132               	.LM15:
 133               	/* prologue: frame size=0 */
 134 00ba EF92      		push r14
 135 00bc FF92      		push r15
 136 00be 0F93      		push r16
 137 00c0 1F93      		push r17
 138 00c2 CF93      		push r28
 139 00c4 DF93      		push r29
 140               	/* prologue end (size=6) */
 141               	.LM16:
 142 00c6 8091 0000 		lds r24,PacketBytes
 143 00ca 9927      		clr r25
 144 00cc 8631      		cpi r24,22
 145 00ce 9105      		cpc r25,__zero_reg__
 146 00d0 09F4      		brne .+2
 147 00d2 09C1      		rjmp .L38
 148               	.LM17:
 149 00d4 8731      		cpi r24,23
 150 00d6 9105      		cpc r25,__zero_reg__
 151 00d8 B4F4      		brge .L45
 152 00da 8231      		cpi r24,18
 153 00dc 9105      		cpc r25,__zero_reg__
 154 00de 09F4      		brne .+2
 155 00e0 69C0      		rjmp .L17
 156 00e2 8331      		cpi r24,19
 157 00e4 9105      		cpc r25,__zero_reg__
 158 00e6 3CF4      		brge .L46
 159 00e8 8031      		cpi r24,16
 160 00ea 9105      		cpc r25,__zero_reg__
 161 00ec 31F1      		breq .L12
 162 00ee 4197      		sbiw r24,17
 163 00f0 09F4      		brne .+2
 164 00f2 46C0      		rjmp .L15
 165 00f4 49C1      		rjmp .L44
 166               	.L46:
 167 00f6 8431      		cpi r24,20
 168 00f8 9105      		cpc r25,__zero_reg__
 169 00fa 09F4      		brne .+2
 170 00fc 95C0      		rjmp .L28
 171 00fe 4597      		sbiw r24,21
 172 0100 0CF0      		brlt .+2
 173 0102 B8C0      		rjmp .L33
 174 0104 8AC0      		rjmp .L27
 175               	.L45:
 176 0106 8931      		cpi r24,25
 177 0108 9105      		cpc r25,__zero_reg__
 178 010a 09F4      		brne .+2
 179 010c 7BC0      		rjmp .L26
 180 010e 8A31      		cpi r24,26
 181 0110 9105      		cpc r25,__zero_reg__
 182 0112 44F4      		brge .L47
 183 0114 8731      		cpi r24,23
 184 0116 9105      		cpc r25,__zero_reg__
 185 0118 09F4      		brne .+2
 186 011a 74C0      		rjmp .L26
 187 011c 4897      		sbiw r24,24
 188 011e 09F4      		brne .+2
 189 0120 63C0      		rjmp .L24
 190 0122 32C1      		rjmp .L44
 191               	.L47:
 192 0124 8B31      		cpi r24,27
 193 0126 9105      		cpc r25,__zero_reg__
 194 0128 D9F1      		breq .L16
 195 012a 8B31      		cpi r24,27
 196 012c 9105      		cpc r25,__zero_reg__
 197 012e 0CF4      		brge .+2
 198 0130 5BC0      		rjmp .L24
 199 0132 4C97      		sbiw r24,28
 200 0134 09F4      		brne .+2
 201 0136 58C0      		rjmp .L24
 202 0138 27C1      		rjmp .L44
 203               	.L12:
 204               	.LBB2:
 205               	.LM18:
 206 013a 82E0      		ldi r24,lo8(2)
 207 013c 90E0      		ldi r25,hi8(2)
 208 013e 9093 0000 		sts (MessageSize)+1,r25
 209 0142 8093 0000 		sts MessageSize,r24
 210               	.LM19:
 211 0146 81E0      		ldi r24,lo8(1)
 212 0148 0E94 0000 		call DF_EnableDataflash
 213               	.LM20:
 214 014c 0E94 0000 		call DF_GetChipCharacteristics
 215               	.LM21:
 216 0150 C091 0000 		lds r28,DataflashInfo
 217 0154 CC23      		tst r28
 218 0156 59F0      		breq .L13
 219               	.LM22:
 220 0158 80E0      		ldi r24,lo8(DataFlashProgMode)
 221 015a 90E0      		ldi r25,hi8(DataFlashProgMode)
 222 015c 0E94 0000 		call LCD_puts_f
 223               	.LM23:
 224 0160 81E0      		ldi r24,lo8(1)
 225 0162 8093 0000 		sts InProgrammingMode,r24
 226               	.LM24:
 227 0166 81B3      		in r24,49-0x20
 228 0168 8F7C      		andi r24,lo8(-49)
 229 016a 8062      		ori r24,lo8(32)
 230 016c 17C0      		rjmp .L59
 231               	.L13:
 232               	.LM25:
 233 016e 80E0      		ldi r24,lo8(DataFlashError)
 234 0170 90E0      		ldi r25,hi8(DataFlashError)
 235 0172 0E94 0000 		call LCD_puts_f
 236               	.LM26:
 237 0176 8C2F      		mov r24,r28
 238 0178 0E94 0000 		call DF_EnableDataflash
 239               	.LM27:
 240 017c 80EC      		ldi r24,lo8(-64)
 241 017e 0BC1      		rjmp .L58
 242               	.L15:
 243               	.LM28:
 244 0180 82E0      		ldi r24,lo8(2)
 245 0182 90E0      		ldi r25,hi8(2)
 246 0184 9093 0000 		sts (MessageSize)+1,r25
 247 0188 8093 0000 		sts MessageSize,r24
 248               	.LM29:
 249 018c 1092 0000 		sts InProgrammingMode,__zero_reg__
 250               	.LM30:
 251 0190 80E0      		ldi r24,lo8(0)
 252 0192 0E94 0000 		call DF_EnableDataflash
 253               	.LM31:
 254 0196 81B3      		in r24,49-0x20
 255 0198 8F7C      		andi r24,lo8(-49)
 256 019a 8061      		ori r24,lo8(16)
 257               	.L59:
 258 019c 81BB      		out 49-0x20,r24
 259 019e A0C0      		rjmp .L53
 260               	.L16:
 261               	.LM32:
 262 01a0 84E0      		ldi r24,lo8(4)
 263 01a2 90E0      		ldi r25,hi8(4)
 264 01a4 9093 0000 		sts (MessageSize)+1,r25
 265 01a8 8093 0000 		sts MessageSize,r24
 266               	.LM33:
 267 01ac 1092 0000 		sts PacketBytes+1,__zero_reg__
 268               	.LM34:
 269 01b0 82E0      		ldi r24,lo8(2)
 270 01b2 23C0      		rjmp .L57
 271               	.L17:
 272               	.LM35:
 273 01b4 82E0      		ldi r24,lo8(2)
 274 01b6 90E0      		ldi r25,hi8(2)
 275 01b8 9093 0000 		sts (MessageSize)+1,r25
 276 01bc 8093 0000 		sts MessageSize,r24
 277               	.LBB3:
 278               	.LM36:
 279 01c0 C0E0      		ldi r28,lo8(0)
 280 01c2 D0E0      		ldi r29,hi8(0)
 281               	.L56:
 282 01c4 8091 0000 		lds r24,DataflashInfo+3
 283 01c8 9091 0000 		lds r25,(DataflashInfo+3)+1
 284 01cc 63E0      		ldi r22,3
 285 01ce 9695      	1:	lsr r25
 286 01d0 8795      		ror r24
 287 01d2 6A95      		dec r22
 288 01d4 E1F7      		brne 1b
 289 01d6 C817      		cp r28,r24
 290 01d8 D907      		cpc r29,r25
 291 01da 08F0      		brlo .+2
 292 01dc 81C0      		rjmp .L53
 293               	.LM37:
 294 01de CE01      		movw r24,r28
 295 01e0 0E94 0000 		call DF_EraseBlock
 296               	.LM38:
 297 01e4 2196      		adiw r28,1
 298 01e6 EECF      		rjmp .L56
 299               	.L24:
 300               	.LBE3:
 301               	.LM39:
 302 01e8 84E0      		ldi r24,lo8(4)
 303 01ea 90E0      		ldi r25,hi8(4)
 304 01ec 9093 0000 		sts (MessageSize)+1,r25
 305 01f0 8093 0000 		sts MessageSize,r24
 306               	.LM40:
 307 01f4 1092 0000 		sts PacketBytes+1,__zero_reg__
 308               	.LM41:
 309 01f8 8FEF      		ldi r24,lo8(-1)
 310               	.L57:
 311 01fa 8093 0000 		sts PacketBytes+2,r24
 312               	.LM42:
 313 01fe 1092 0000 		sts PacketBytes+3,__zero_reg__
 314               	.LM43:
 315 0202 CBC0      		rjmp .L11
 316               	.L26:
 317               	.LM44:
 318 0204 83E0      		ldi r24,lo8(3)
 319 0206 90E0      		ldi r25,hi8(3)
 320 0208 9093 0000 		sts (MessageSize)+1,r25
 321 020c 8093 0000 		sts MessageSize,r24
 322               	.LM45:
 323 0210 1092 0000 		sts PacketBytes+1,__zero_reg__
 324               	.LM46:
 325 0214 1092 0000 		sts PacketBytes+2,__zero_reg__
 326               	.LM47:
 327 0218 C0C0      		rjmp .L11
 328               	.L27:
 329               	.LM48:
 330 021a 82E0      		ldi r24,lo8(2)
 331 021c 90E0      		ldi r25,hi8(2)
 332 021e 9093 0000 		sts (MessageSize)+1,r25
 333 0222 8093 0000 		sts MessageSize,r24
 334 0226 5CC0      		rjmp .L53
 335               	.L28:
 336               	.LM49:
 337 0228 8091 0000 		lds r24,PacketBytes+1
 338 022c 9927      		clr r25
 339 022e 382F      		mov r19,r24
 340 0230 2227      		clr r18
 341 0232 8091 0000 		lds r24,PacketBytes+2
 342 0236 9927      		clr r25
 343 0238 282B      		or r18,r24
 344 023a 392B      		or r19,r25
 345 023c F901      		movw r30,r18
 346 023e 3396      		adiw r30,3
 347 0240 F093 0000 		sts (MessageSize)+1,r31
 348 0244 E093 0000 		sts MessageSize,r30
 349               	.LM50:
 350 0248 1092 0000 		sts PacketBytes+1,__zero_reg__
 351               	.LM51:
 352 024c E050      		subi r30,lo8(-(PacketBytes-1))
 353 024e F040      		sbci r31,hi8(-(PacketBytes-1))
 354 0250 1082      		st Z,__zero_reg__
 355               	.LBB4:
 356               	.LM52:
 357 0252 81E0      		ldi r24,lo8(1)
 358 0254 90E0      		ldi r25,hi8(1)
 359 0256 280F      		add r18,r24
 360 0258 391F      		adc r19,r25
 361 025a 8217      		cp r24,r18
 362 025c 9307      		cpc r25,r19
 363 025e 08F0      		brlo .+2
 364 0260 9CC0      		rjmp .L11
 365 0262 4FEF      		ldi r20,lo8(-1)
 366 0264 E0E0      		ldi r30,lo8(PacketBytes+1)
 367 0266 F0E0      		ldi r31,hi8(PacketBytes+1)
 368               	.L32:
 369               	.LM53:
 370 0268 4193      		st Z+,r20
 371               	.LM54:
 372 026a 0196      		adiw r24,1
 373 026c 8217      		cp r24,r18
 374 026e 9307      		cpc r25,r19
 375 0270 D8F3      		brlo .L32
 376               	.LBE4:
 377               	.LM55:
 378 0272 93C0      		rjmp .L11
 379               	.L33:
 380               	.LM56:
 381 0274 0E94 0000 		call PD_SetupDFAddressCounters
 382               	.LM57:
 383 0278 8091 0000 		lds r24,CurrPageAddress
 384 027c 9091 0000 		lds r25,(CurrPageAddress)+1
 385 0280 0E94 0000 		call DF_CopyFlashPageToBuffer
 386               	.LM58:
 387 0284 8091 0000 		lds r24,CurrBuffByte
 388 0288 9091 0000 		lds r25,(CurrBuffByte)+1
 389 028c 0E94 0000 		call DF_BufferWriteEnable
 390               	.LM59:
 391 0290 8091 0000 		lds r24,PacketBytes+1
 392 0294 9927      		clr r25
 393 0296 D82F      		mov r29,r24
 394 0298 CC27      		clr r28
 395 029a 8091 0000 		lds r24,PacketBytes+2
 396 029e 9927      		clr r25
 397 02a0 C82B      		or r28,r24
 398 02a2 D92B      		or r29,r25
 399               	.LBB5:
 400               	.LM60:
 401 02a4 00E0      		ldi r16,lo8(0)
 402 02a6 10E0      		ldi r17,hi8(0)
 403 02a8 0C17      		cp r16,r28
 404 02aa 1D07      		cpc r17,r29
 405 02ac C8F4      		brsh .L53
 406 02ae 30E0      		ldi r19,lo8(PacketBytes+10)
 407 02b0 E32E      		mov r14,r19
 408 02b2 30E0      		ldi r19,hi8(PacketBytes+10)
 409 02b4 F32E      		mov r15,r19
 410               	.L37:
 411               	.LM61:
 412 02b6 F701      		movw r30,r14
 413 02b8 8191      		ld r24,Z+
 414 02ba 7F01      		movw r14,r30
 415 02bc 0E94 0000 		call PD_StoreDataflashByte
 416               	.LM62:
 417 02c0 8091 0000 		lds r24,CurrBuffByte
 418 02c4 9091 0000 		lds r25,(CurrBuffByte)+1
 419 02c8 0196      		adiw r24,1
 420 02ca 9093 0000 		sts (CurrBuffByte)+1,r25
 421 02ce 8093 0000 		sts CurrBuffByte,r24
 422               	.LM63:
 423 02d2 0E94 0000 		call V2P_IncrementCurrAddress
 424               	.LM64:
 425 02d6 0F5F      		subi r16,lo8(-(1))
 426 02d8 1F4F      		sbci r17,hi8(-(1))
 427 02da 0C17      		cp r16,r28
 428 02dc 1D07      		cpc r17,r29
 429 02de 58F3      		brlo .L37
 430               	.L53:
 431               	.LBE5:
 432               	.LM65:
 433 02e0 1092 0000 		sts PacketBytes+1,__zero_reg__
 434               	.LM66:
 435 02e4 5AC0      		rjmp .L11
 436               	.L38:
 437               	.LM67:
 438 02e6 0E94 0000 		call PD_SetupDFAddressCounters
 439               	.LM68:
 440 02ea 8091 0000 		lds r24,CurrPageAddress
 441 02ee 9091 0000 		lds r25,(CurrPageAddress)+1
 442 02f2 0E94 0000 		call DF_CopyFlashPageToBuffer
 443               	.LM69:
 444 02f6 8091 0000 		lds r24,PacketBytes+1
 445 02fa 9927      		clr r25
 446 02fc D82F      		mov r29,r24
 447 02fe CC27      		clr r28
 448 0300 8091 0000 		lds r24,PacketBytes+2
 449 0304 9927      		clr r25
 450 0306 C82B      		or r28,r24
 451 0308 D92B      		or r29,r25
 452               	.LBB6:
 453               	.LM70:
 454 030a 00E0      		ldi r16,lo8(0)
 455 030c 10E0      		ldi r17,hi8(0)
 456 030e 0C17      		cp r16,r28
 457 0310 1D07      		cpc r17,r29
 458 0312 70F5      		brsh .L55
 459 0314 80E0      		ldi r24,lo8(PacketBytes+2)
 460 0316 E82E      		mov r14,r24
 461 0318 80E0      		ldi r24,hi8(PacketBytes+2)
 462 031a F82E      		mov r15,r24
 463               	.L43:
 464               	.LM71:
 465 031c 2091 0000 		lds r18,CurrBuffByte
 466 0320 3091 0000 		lds r19,(CurrBuffByte)+1
 467 0324 8091 0000 		lds r24,DataflashInfo+1
 468 0328 9091 0000 		lds r25,(DataflashInfo+1)+1
 469 032c 2817      		cp r18,r24
 470 032e 3907      		cpc r19,r25
 471 0330 41F4      		brne .L42
 472               	.LM72:
 473 0332 0E94 0000 		call PD_SetupDFAddressCounters
 474               	.LM73:
 475 0336 8091 0000 		lds r24,CurrPageAddress
 476 033a 9091 0000 		lds r25,(CurrPageAddress)+1
 477 033e 0E94 0000 		call DF_CopyFlashPageToBuffer
 478               	.L42:
 479               	.LM74:
 480 0342 8091 0000 		lds r24,CurrBuffByte
 481 0346 9091 0000 		lds r25,(CurrBuffByte)+1
 482 034a 9C01      		movw r18,r24
 483 034c 0196      		adiw r24,1
 484 034e 9093 0000 		sts (CurrBuffByte)+1,r25
 485 0352 8093 0000 		sts CurrBuffByte,r24
 486 0356 C901      		movw r24,r18
 487 0358 0E94 0000 		call DF_ReadBufferByte
 488 035c F701      		movw r30,r14
 489 035e 8193      		st Z+,r24
 490 0360 7F01      		movw r14,r30
 491               	.LM75:
 492 0362 0E94 0000 		call V2P_IncrementCurrAddress
 493               	.LM76:
 494 0366 0F5F      		subi r16,lo8(-(1))
 495 0368 1F4F      		sbci r17,hi8(-(1))
 496 036a 0C17      		cp r16,r28
 497 036c 1D07      		cpc r17,r29
 498 036e B0F2      		brlo .L43
 499               	.L55:
 500               	.LBE6:
 501               	.LM77:
 502 0370 2396      		adiw r28,3
 503 0372 D093 0000 		sts (MessageSize)+1,r29
 504 0376 C093 0000 		sts MessageSize,r28
 505 037a 2397      		sbiw r28,3
 506               	.LM78:
 507 037c 1092 0000 		sts PacketBytes+1,__zero_reg__
 508               	.LM79:
 509 0380 C050      		subi r28,lo8(-(PacketBytes))
 510 0382 D040      		sbci r29,hi8(-(PacketBytes))
 511 0384 1A82      		std Y+2,__zero_reg__
 512               	.LM80:
 513 0386 09C0      		rjmp .L11
 514               	.L44:
 515               	.LM81:
 516 0388 81E0      		ldi r24,lo8(1)
 517 038a 90E0      		ldi r25,hi8(1)
 518 038c 9093 0000 		sts (MessageSize)+1,r25
 519 0390 8093 0000 		sts MessageSize,r24
 520               	.LM82:
 521 0394 89EC      		ldi r24,lo8(-55)
 522               	.L58:
 523 0396 8093 0000 		sts PacketBytes+1,r24
 524               	.L11:
 525               	.LBE2:
 526               	.LM83:
 527 039a 0E94 0000 		call V2P_SendPacket
 528               	/* epilogue: frame size=0 */
 529 039e DF91      		pop r29
 530 03a0 CF91      		pop r28
 531 03a2 1F91      		pop r17
 532 03a4 0F91      		pop r16
 533 03a6 FF90      		pop r15
 534 03a8 EF90      		pop r14
 535 03aa 0895      		ret
 536               	/* epilogue end (size=7) */
 537               	/* function PD_InterpretAVRISPPacket size 381 (368) */
 538               	.LFE8:
 540               	.Letext0:
DEFINED SYMBOLS
                            *ABS*:00000000 ProgDataflash.c
C:\DOCUME~1\Dean\LOCALS~1\Temp/ccQRaaaa.s:3      *ABS*:0000003f __SREG__
C:\DOCUME~1\Dean\LOCALS~1\Temp/ccQRaaaa.s:4      *ABS*:0000003e __SP_H__
C:\DOCUME~1\Dean\LOCALS~1\Temp/ccQRaaaa.s:5      *ABS*:0000003d __SP_L__
C:\DOCUME~1\Dean\LOCALS~1\Temp/ccQRaaaa.s:6      *ABS*:00000000 __tmp_reg__
C:\DOCUME~1\Dean\LOCALS~1\Temp/ccQRaaaa.s:7      *ABS*:00000001 __zero_reg__
C:\DOCUME~1\Dean\LOCALS~1\Temp/ccQRaaaa.s:22     .progmem.data:00000000 DataFlashProgMode
C:\DOCUME~1\Dean\LOCALS~1\Temp/ccQRaaaa.s:27     .text:00000000 PD_SetupDFAddressCounters
C:\DOCUME~1\Dean\LOCALS~1\Temp/ccQRaaaa.s:80     .text:0000005a PD_StoreDataflashByte
C:\DOCUME~1\Dean\LOCALS~1\Temp/ccQRaaaa.s:130    .text:000000ba PD_InterpretAVRISPPacket

UNDEFINED SYMBOLS
__do_copy_data
__do_clear_bss
CurrAddress
CurrPageAddress
DataflashInfo
CurrBuffByte
DF_CopyBufferToFlashPage
DF_BufferWriteEnable
USI_SPITransmit
PacketBytes
MessageSize
DF_EnableDataflash
DF_GetChipCharacteristics
LCD_puts_f
InProgrammingMode
DataFlashError
DF_EraseBlock
DF_CopyFlashPageToBuffer
V2P_IncrementCurrAddress
DF_ReadBufferByte
V2P_SendPacket
