   1               		.file	"SPI.c"
   2               		.arch atmega169
   3               	__SREG__ = 0x3f
   4               	__SP_H__ = 0x3e
   5               	__SP_L__ = 0x3d
   6               	__tmp_reg__ = 0
   7               	__zero_reg__ = 1
   8               		.global __do_copy_data
   9               		.global __do_clear_bss
  17               	.Ltext0:
  18               	.Letext0:
DEFINED SYMBOLS
                            *ABS*:00000000 SPI.c
C:\DOCUME~1\Dean\LOCALS~1\Temp/cceiaaaa.s:3      *ABS*:0000003f __SREG__
C:\DOCUME~1\Dean\LOCALS~1\Temp/cceiaaaa.s:4      *ABS*:0000003e __SP_H__
C:\DOCUME~1\Dean\LOCALS~1\Temp/cceiaaaa.s:5      *ABS*:0000003d __SP_L__
C:\DOCUME~1\Dean\LOCALS~1\Temp/cceiaaaa.s:6      *ABS*:00000000 __tmp_reg__
C:\DOCUME~1\Dean\LOCALS~1\Temp/cceiaaaa.s:7      *ABS*:00000001 __zero_reg__

UNDEFINED SYMBOLS
__do_copy_data
__do_clear_bss
